 RGE Running            1 .-iteration
 RGE Running            2 .-iteration
 RGE Running            3 .-iteration
 RGE Running            4 .-iteration
 RGE Running            5 .-iteration
 IIp called with small input:    1.5172396878284252E-003   9997299.4666149095        30877033.646801308        37401231.958404504     
 IIp called with small input:    1.5172396878284252E-003   17887.056417173790       -52620.819175919416        37401231.958404504     
 IIp called with small input:    4.2029348871942188E-006   57992061.835567310        45347276.369004712        37401231.958404504     
 IIp called with small input:    4.2029348871942188E-006   57992061.835567310        45346296.629275404        37401231.958404504     
 IIp called with small input:    4.2029348871942188E-006   57992061.835567310        40691966.392399512        37401231.958404504     
 IIp called with small input:    1.5172396878284252E-003   57992061.835567310        45347276.369004712        37401231.958404504     
 IIp called with small input:    1.5172396878284252E-003   57992061.835567310        45346296.629275404        37401231.958404504     
 IIp called with small input:    1.5172396878284252E-003   57992061.835567310        45346296.629275404        37401231.958404504     
 IIp called with small input:    1.5172396878284252E-003   57992061.835567310        45346296.629275404        37401231.958404504     
 IIp called with small input:    1.5172396878284252E-003   57992061.835567310        39999486.630845807        37401231.958404504     
 IIp called with small input:    1.5172396878284252E-003   57992061.835567310        40691608.860467352        37401231.958404504     
 IIp called with small input:    1.5172396878284252E-003   57992061.835567310        40691608.860467352        37401231.958404504     
 IIp called with small input:    1.5172396878284252E-003   57992061.835567310        40691608.860467352        37401231.958404504     
 IIp called with small input:    1.5172396878284252E-003   57992061.835567310        39661237.894172229        37401231.958404504     
 IIp called with small input:    1.1611704760265664E-006   57992061.835567310        45347276.358299993        37401231.958404504     
 IIp called with small input:    1.1611704760265664E-006   57992061.835567310        40973381.154410630        37401231.958404504     
 MM somehow called with small inputs:    1.5172396878284252E-003   17887.056417173790        1.5172396878284252E-003   17887.056417173790       -52620.819175919416        37401231.958404504     
 IIp called with small input:    1.5172396878284252E-003   17887.056417173790       -52620.819175919416        37401231.958404504     
 MM somehow called with small inputs:    1.5172396878284252E-003   17887.056417173790        1.5172396878284252E-003   17887.056417173790       -52620.819175919416        37401231.958404504     
 IIp called with small input:    1.5172396878284252E-003   17887.056417173790       -52620.819175919416        37401231.958404504     
 MM somehow called with small inputs:    17887.056417173790        1.5172396878284252E-003   17887.056417173790        1.5172396878284252E-003  -52620.819175919416        37401231.958404504     
 IIp called with small input:    1.5172396878284252E-003   17887.056417173790       -52620.819175919416        37401231.958404504     
 MM somehow called with small inputs:    17887.056417173790        1.5172396878284252E-003   17887.056417173790        1.5172396878284252E-003  -52620.819175919416        37401231.958404504     
 IIp called with small input:    1.5172396878284252E-003   17887.056417173790       -52620.819175919416        37401231.958404504     
 MM somehow called with small inputs:    45347276.369004712        4.2029348871942188E-006   40691966.392399512        4.2029348871942188E-006   57992061.835567310        37401231.958404504     
 MM somehow called with small inputs:    45347276.369004712        4.2029348871942188E-006   40691966.392399512        4.2029348871942188E-006   57992061.835567310        37401231.958404504     
 MM somehow called with small inputs:    45347276.369004712        1.5172396878284252E-003   39999486.630845807        1.5172396878284252E-003   57992061.835567310        37401231.958404504     
 IIp called with small input:    1.5172396878284252E-003   39999486.630845807        57992061.835567310        37401231.958404504     
 MM somehow called with small inputs:    45347276.369004712        1.5172396878284252E-003   40691608.860467352        1.5172396878284252E-003   57992061.835567310        37401231.958404504     
 MM somehow called with small inputs:    45347276.369004712        1.5172396878284252E-003   40691608.860467352        1.5172396878284252E-003   57992061.835567310        37401231.958404504     
 MM somehow called with small inputs:    45347276.369004712        1.5172396878284252E-003   39661237.894172229        1.5172396878284252E-003   57992061.835567310        37401231.958404504     
 IIp called with small input:    1.5172396878284252E-003   39661237.894172229        57992061.835567310        37401231.958404504     
 MM somehow called with small inputs:    45346296.629275404        4.2029348871942188E-006   39999486.630845807        4.2029348871942188E-006   57992061.835567310        37401231.958404504     
 IIp called with small input:    4.2029348871942188E-006   39999486.630845807        57992061.835567310        37401231.958404504     
 MM somehow called with small inputs:    45346296.629275404        4.2029348871942188E-006   40691966.392399512        4.2029348871942188E-006   57992061.835567310        37401231.958404504     
 MM somehow called with small inputs:    45346296.629275404        4.2029348871942188E-006   40691966.392399512        4.2029348871942188E-006   57992061.835567310        37401231.958404504     
 MM somehow called with small inputs:    45346296.629275404        4.2029348871942188E-006   39661237.894172229        4.2029348871942188E-006   57992061.835567310        37401231.958404504     
 IIp called with small input:    4.2029348871942188E-006   39661237.894172229        57992061.835567310        37401231.958404504     
 MM somehow called with small inputs:    45346296.629275404        1.5172396878284252E-003   45346296.629275404        1.5172396878284252E-003   57992061.835567310        37401231.958404504     
 IIp called with small input:    1.5172396878284252E-003   45346296.629275404        57992061.835567310        37401231.958404504     
 MM somehow called with small inputs:    45346296.629275404        1.5172396878284252E-003   39999486.630845807        1.5172396878284252E-003   57992061.835567310        37401231.958404504     
 MM somehow called with small inputs:    45346296.629275404        1.5172396878284252E-003   39999486.630845807        1.5172396878284252E-003   57992061.835567310        37401231.958404504     
 IIp called with small input:    1.5172396878284252E-003   39999486.630845807        57992061.835567310        37401231.958404504     
 MM somehow called with small inputs:    45346296.629275404        1.5172396878284252E-003   39999486.630845807        1.5172396878284252E-003   57992061.835567310        37401231.958404504     
 MM somehow called with small inputs:    45346296.629275404        1.5172396878284252E-003   40691608.860467352        1.5172396878284252E-003   57992061.835567310        37401231.958404504     
 MM somehow called with small inputs:    45346296.629275404        1.5172396878284252E-003   40691608.860467352        1.5172396878284252E-003   57992061.835567310        37401231.958404504     
 MM somehow called with small inputs:    45346296.629275404        1.5172396878284252E-003   39661237.894172229        1.5172396878284252E-003   57992061.835567310        37401231.958404504     
 MM somehow called with small inputs:    45346296.629275404        1.5172396878284252E-003   39661237.894172229        1.5172396878284252E-003   57992061.835567310        37401231.958404504     
 IIp called with small input:    1.5172396878284252E-003   39661237.894172229        57992061.835567310        37401231.958404504     
 MM somehow called with small inputs:    45346296.629275404        1.5172396878284252E-003   39661237.894172229        1.5172396878284252E-003   57992061.835567310        37401231.958404504     
 MM somehow called with small inputs:    39999486.630845807        4.2029348871942188E-006   45346296.629275404        4.2029348871942188E-006   57992061.835567310        37401231.958404504     
 IIp called with small input:    4.2029348871942188E-006   45346296.629275404        57992061.835567310        37401231.958404504     
 MM somehow called with small inputs:    39999486.630845807        4.2029348871942188E-006   39999486.630845807        4.2029348871942188E-006   57992061.835567310        37401231.958404504     
 IIp called with small input:    4.2029348871942188E-006   39999486.630845807        57992061.835567310        37401231.958404504     
 MM somehow called with small inputs:    39999486.630845807        4.2029348871942188E-006   39661237.894172229        4.2029348871942188E-006   57992061.835567310        37401231.958404504     
 IIp called with small input:    4.2029348871942188E-006   39661237.894172229        57992061.835567310        37401231.958404504     
 MM somehow called with small inputs:    39999486.630845807        1.5172396878284252E-003   45347276.369004712        1.5172396878284252E-003   57992061.835567310        37401231.958404504     
 IIp called with small input:    1.5172396878284252E-003   45347276.369004712        57992061.835567310        37401231.958404504     
 MM somehow called with small inputs:    39999486.630845807        1.5172396878284252E-003   45346296.629275404        1.5172396878284252E-003   57992061.835567310        37401231.958404504     
 MM somehow called with small inputs:    39999486.630845807        1.5172396878284252E-003   45346296.629275404        1.5172396878284252E-003   57992061.835567310        37401231.958404504     
 IIp called with small input:    1.5172396878284252E-003   45346296.629275404        57992061.835567310        37401231.958404504     
 MM somehow called with small inputs:    39999486.630845807        1.5172396878284252E-003   45346296.629275404        1.5172396878284252E-003   57992061.835567310        37401231.958404504     
 MM somehow called with small inputs:    39999486.630845807        1.5172396878284252E-003   39999486.630845807        1.5172396878284252E-003   57992061.835567310        37401231.958404504     
 MM somehow called with small inputs:    39999486.630845807        1.5172396878284252E-003   39999486.630845807        1.5172396878284252E-003   57992061.835567310        37401231.958404504     
 IIp called with small input:    1.5172396878284252E-003   39999486.630845807        57992061.835567310        37401231.958404504     
 MM somehow called with small inputs:    39999486.630845807        1.5172396878284252E-003   39999486.630845807        1.5172396878284252E-003   57992061.835567310        37401231.958404504     
 MM somehow called with small inputs:    39999486.630845807        1.5172396878284252E-003   40691608.860467352        1.5172396878284252E-003   57992061.835567310        37401231.958404504     
 MM somehow called with small inputs:    39999486.630845807        1.5172396878284252E-003   40691608.860467352        1.5172396878284252E-003   57992061.835567310        37401231.958404504     
 MM somehow called with small inputs:    39999486.630845807        1.5172396878284252E-003   39661237.894172229        1.5172396878284252E-003   57992061.835567310        37401231.958404504     
 MM somehow called with small inputs:    39999486.630845807        1.5172396878284252E-003   39661237.894172229        1.5172396878284252E-003   57992061.835567310        37401231.958404504     
 IIp called with small input:    1.5172396878284252E-003   39661237.894172229        57992061.835567310        37401231.958404504     
 MM somehow called with small inputs:    39999486.630845807        1.5172396878284252E-003   39661237.894172229        1.5172396878284252E-003   57992061.835567310        37401231.958404504     
 MM somehow called with small inputs:    40691966.392399512        4.2029348871942188E-006   45347276.369004712        4.2029348871942188E-006   57992061.835567310        37401231.958404504     
 MM somehow called with small inputs:    40691966.392399512        4.2029348871942188E-006   45347276.369004712        4.2029348871942188E-006   57992061.835567310        37401231.958404504     
 MM somehow called with small inputs:    40691966.392399512        4.2029348871942188E-006   45346296.629275404        4.2029348871942188E-006   57992061.835567310        37401231.958404504     
 MM somehow called with small inputs:    40691966.392399512        4.2029348871942188E-006   45346296.629275404        4.2029348871942188E-006   57992061.835567310        37401231.958404504     
 MM somehow called with small inputs:    40691608.860467352        1.5172396878284252E-003   45347276.369004712        1.5172396878284252E-003   57992061.835567310        37401231.958404504     
 MM somehow called with small inputs:    40691608.860467352        1.5172396878284252E-003   45347276.369004712        1.5172396878284252E-003   57992061.835567310        37401231.958404504     
 MM somehow called with small inputs:    40691608.860467352        1.5172396878284252E-003   45346296.629275404        1.5172396878284252E-003   57992061.835567310        37401231.958404504     
 MM somehow called with small inputs:    40691608.860467352        1.5172396878284252E-003   45346296.629275404        1.5172396878284252E-003   57992061.835567310        37401231.958404504     
 MM somehow called with small inputs:    40691608.860467352        1.5172396878284252E-003   39999486.630845807        1.5172396878284252E-003   57992061.835567310        37401231.958404504     
 MM somehow called with small inputs:    40691608.860467352        1.5172396878284252E-003   39999486.630845807        1.5172396878284252E-003   57992061.835567310        37401231.958404504     
 MM somehow called with small inputs:    40691608.860467352        1.5172396878284252E-003   40691608.860467352        1.5172396878284252E-003   57992061.835567310        37401231.958404504     
 IIp called with small input:    1.5172396878284252E-003   40691608.860467352        57992061.835567310        37401231.958404504     
 MM somehow called with small inputs:    40691608.860467352        1.5172396878284252E-003   39661237.894172229        1.5172396878284252E-003   57992061.835567310        37401231.958404504     
 MM somehow called with small inputs:    40691608.860467352        1.5172396878284252E-003   39661237.894172229        1.5172396878284252E-003   57992061.835567310        37401231.958404504     
 MM somehow called with small inputs:    39661237.894172229        4.2029348871942188E-006   45346296.629275404        4.2029348871942188E-006   57992061.835567310        37401231.958404504     
 IIp called with small input:    4.2029348871942188E-006   45346296.629275404        57992061.835567310        37401231.958404504     
 MM somehow called with small inputs:    39661237.894172229        4.2029348871942188E-006   39999486.630845807        4.2029348871942188E-006   57992061.835567310        37401231.958404504     
 IIp called with small input:    4.2029348871942188E-006   39999486.630845807        57992061.835567310        37401231.958404504     
 MM somehow called with small inputs:    39661237.894172229        4.2029348871942188E-006   39661237.894172229        4.2029348871942188E-006   57992061.835567310        37401231.958404504     
 IIp called with small input:    4.2029348871942188E-006   39661237.894172229        57992061.835567310        37401231.958404504     
 MM somehow called with small inputs:    39661237.894172229        1.5172396878284252E-003   45347276.369004712        1.5172396878284252E-003   57992061.835567310        37401231.958404504     
 IIp called with small input:    1.5172396878284252E-003   45347276.369004712        57992061.835567310        37401231.958404504     
 MM somehow called with small inputs:    39661237.894172229        1.5172396878284252E-003   45346296.629275404        1.5172396878284252E-003   57992061.835567310        37401231.958404504     
 MM somehow called with small inputs:    39661237.894172229        1.5172396878284252E-003   45346296.629275404        1.5172396878284252E-003   57992061.835567310        37401231.958404504     
 IIp called with small input:    1.5172396878284252E-003   45346296.629275404        57992061.835567310        37401231.958404504     
 MM somehow called with small inputs:    39661237.894172229        1.5172396878284252E-003   45346296.629275404        1.5172396878284252E-003   57992061.835567310        37401231.958404504     
 MM somehow called with small inputs:    39661237.894172229        1.5172396878284252E-003   39999486.630845807        1.5172396878284252E-003   57992061.835567310        37401231.958404504     
 MM somehow called with small inputs:    39661237.894172229        1.5172396878284252E-003   39999486.630845807        1.5172396878284252E-003   57992061.835567310        37401231.958404504     
 IIp called with small input:    1.5172396878284252E-003   39999486.630845807        57992061.835567310        37401231.958404504     
 MM somehow called with small inputs:    39661237.894172229        1.5172396878284252E-003   39999486.630845807        1.5172396878284252E-003   57992061.835567310        37401231.958404504     
 MM somehow called with small inputs:    39661237.894172229        1.5172396878284252E-003   40691608.860467352        1.5172396878284252E-003   57992061.835567310        37401231.958404504     
 MM somehow called with small inputs:    39661237.894172229        1.5172396878284252E-003   40691608.860467352        1.5172396878284252E-003   57992061.835567310        37401231.958404504     
 MM somehow called with small inputs:    39661237.894172229        1.5172396878284252E-003   39661237.894172229        1.5172396878284252E-003   57992061.835567310        37401231.958404504     
 MM somehow called with small inputs:    39661237.894172229        1.5172396878284252E-003   39661237.894172229        1.5172396878284252E-003   57992061.835567310        37401231.958404504     
 IIp called with small input:    1.5172396878284252E-003   39661237.894172229        57992061.835567310        37401231.958404504     
 MM somehow called with small inputs:    39661237.894172229        1.5172396878284252E-003   39661237.894172229        1.5172396878284252E-003   57992061.835567310        37401231.958404504     
 MM somehow called with small inputs:    45346292.695525147        1.5172396878284252E-003   30877033.646801308        1.5172396878284252E-003   9997299.4666149095        37401231.958404504     
 MM somehow called with small inputs:    45346292.695525147        1.5172396878284252E-003   30877033.646801308        1.5172396878284252E-003   9997299.4666149095        37401231.958404504     
 MM somehow called with small inputs:    39984708.652065739        1.5172396878284252E-003   39984708.652065739        1.5172396878284252E-003   9997299.4666149095        37401231.958404504     
 MM somehow called with small inputs:    39984708.652065739        1.5172396878284252E-003   39984708.652065739        1.5172396878284252E-003   9997299.4666149095        37401231.958404504     
 IIp called with small input:    1.5172396878284252E-003   39984708.652065739        9997299.4666149095        37401231.958404504     
 MM somehow called with small inputs:    39984708.652065739        1.5172396878284252E-003   39984708.652065739        1.5172396878284252E-003   9997299.4666149095        37401231.958404504     
 MM somehow called with small inputs:    39984708.652065739        1.5172396878284252E-003   30877033.646801308        1.5172396878284252E-003   9997299.4666149095        37401231.958404504     
 MM somehow called with small inputs:    39984708.652065739        1.5172396878284252E-003   30877033.646801308        1.5172396878284252E-003   9997299.4666149095        37401231.958404504     
 IIp called with small input:    1.5172396878284252E-003   30877033.646801308        9997299.4666149095        37401231.958404504     
 MM somehow called with small inputs:    39984708.652065739        1.5172396878284252E-003   30877033.646801308        1.5172396878284252E-003   9997299.4666149095        37401231.958404504     
 MM somehow called with small inputs:    30877033.646801308        1.5172396878284252E-003   45346292.695525147        1.5172396878284252E-003   9997299.4666149095        37401231.958404504     
 MM somehow called with small inputs:    30877033.646801308        1.5172396878284252E-003   45346292.695525147        1.5172396878284252E-003   9997299.4666149095        37401231.958404504     
 MM somehow called with small inputs:    30877033.646801308        1.5172396878284252E-003   39984708.652065739        1.5172396878284252E-003   9997299.4666149095        37401231.958404504     
 MM somehow called with small inputs:    30877033.646801308        1.5172396878284252E-003   39984708.652065739        1.5172396878284252E-003   9997299.4666149095        37401231.958404504     
 IIp called with small input:    1.5172396878284252E-003   39984708.652065739        9997299.4666149095        37401231.958404504     
 MM somehow called with small inputs:    30877033.646801308        1.5172396878284252E-003   39984708.652065739        1.5172396878284252E-003   9997299.4666149095        37401231.958404504     
 MM somehow called with small inputs:    30877033.646801308        1.5172396878284252E-003   30877033.646801308        1.5172396878284252E-003   9997299.4666149095        37401231.958404504     
 IIp called with small input:    1.5172396878284252E-003   30877033.646801308        9997299.4666149095        37401231.958404504     
 IIp called with small input:    1.5172396878284252E-003   57992061.835567310        45346296.629275404        37401231.958404504     
 IIp called with small input:    1.5172396878284252E-003   57992061.835567310        40691608.860467352        37401231.958404504     
 MM somehow called with small inputs:    1.5172396878284252E-003   17887.056417173790        1.5172396878284252E-003   17887.056417173790       -52620.819175919416        37401231.958404504     
 IIp called with small input:    1.5172396878284252E-003   17887.056417173790       -52620.819175919416        37401231.958404504     
 MM somehow called with small inputs:    1.5172396878284252E-003   17887.056417173790        1.5172396878284252E-003   17887.056417173790       -52620.819175919416        37401231.958404504     
 IIp called with small input:    1.5172396878284252E-003   17887.056417173790       -52620.819175919416        37401231.958404504     
 MM somehow called with small inputs:    17887.056417173790        1.5172396878284252E-003   17887.056417173790        1.5172396878284252E-003  -52620.819175919416        37401231.958404504     
 IIp called with small input:    1.5172396878284252E-003   17887.056417173790       -52620.819175919416        37401231.958404504     
 MM somehow called with small inputs:    17887.056417173790        1.5172396878284252E-003   17887.056417173790        1.5172396878284252E-003  -52620.819175919416        37401231.958404504     
 IIp called with small input:    1.5172396878284252E-003   17887.056417173790       -52620.819175919416        37401231.958404504     
 MM somehow called with small inputs:    45347276.369004712        4.2029348871942188E-006   40691966.392399512        4.2029348871942188E-006   57992061.835567310        37401231.958404504     
 MM somehow called with small inputs:    45347276.369004712        4.2029348871942188E-006   40691966.392399512        4.2029348871942188E-006   57992061.835567310        37401231.958404504     
 MM somehow called with small inputs:    45347276.369004712        1.5172396878284252E-003   39999486.630845807        1.5172396878284252E-003   57992061.835567310        37401231.958404504     
 IIp called with small input:    1.5172396878284252E-003   39999486.630845807        57992061.835567310        37401231.958404504     
 MM somehow called with small inputs:    45347276.369004712        1.5172396878284252E-003   40691608.860467352        1.5172396878284252E-003   57992061.835567310        37401231.958404504     
 MM somehow called with small inputs:    45347276.369004712        1.5172396878284252E-003   40691608.860467352        1.5172396878284252E-003   57992061.835567310        37401231.958404504     
 IIp called with small input:    1.5172396878284252E-003   40691608.860467352        57992061.835567310        37401231.958404504     
 MM somehow called with small inputs:    45347276.369004712        1.5172396878284252E-003   40691608.860467352        1.5172396878284252E-003   57992061.835567310        37401231.958404504     
 MM somehow called with small inputs:    45347276.369004712        1.5172396878284252E-003   39661237.894172229        1.5172396878284252E-003   57992061.835567310        37401231.958404504     
 IIp called with small input:    1.5172396878284252E-003   39661237.894172229        57992061.835567310        37401231.958404504     
 MM somehow called with small inputs:    45346296.629275404        4.2029348871942188E-006   39999486.630845807        4.2029348871942188E-006   57992061.835567310        37401231.958404504     
 IIp called with small input:    4.2029348871942188E-006   39999486.630845807        57992061.835567310        37401231.958404504     
 MM somehow called with small inputs:    45346296.629275404        4.2029348871942188E-006   40691966.392399512        4.2029348871942188E-006   57992061.835567310        37401231.958404504     
 MM somehow called with small inputs:    45346296.629275404        4.2029348871942188E-006   40691966.392399512        4.2029348871942188E-006   57992061.835567310        37401231.958404504     
 MM somehow called with small inputs:    45346296.629275404        4.2029348871942188E-006   39661237.894172229        4.2029348871942188E-006   57992061.835567310        37401231.958404504     
 IIp called with small input:    4.2029348871942188E-006   39661237.894172229        57992061.835567310        37401231.958404504     
 MM somehow called with small inputs:    45346296.629275404        1.5172396878284252E-003   39999486.630845807        1.5172396878284252E-003   57992061.835567310        37401231.958404504     
 MM somehow called with small inputs:    45346296.629275404        1.5172396878284252E-003   39999486.630845807        1.5172396878284252E-003   57992061.835567310        37401231.958404504     
 IIp called with small input:    1.5172396878284252E-003   39999486.630845807        57992061.835567310        37401231.958404504     
 MM somehow called with small inputs:    45346296.629275404        1.5172396878284252E-003   39999486.630845807        1.5172396878284252E-003   57992061.835567310        37401231.958404504     
 MM somehow called with small inputs:    45346296.629275404        1.5172396878284252E-003   40691608.860467352        1.5172396878284252E-003   57992061.835567310        37401231.958404504     
 MM somehow called with small inputs:    45346296.629275404        1.5172396878284252E-003   40691608.860467352        1.5172396878284252E-003   57992061.835567310        37401231.958404504     
 IIp called with small input:    1.5172396878284252E-003   40691608.860467352        57992061.835567310        37401231.958404504     
 MM somehow called with small inputs:    45346296.629275404        1.5172396878284252E-003   40691608.860467352        1.5172396878284252E-003   57992061.835567310        37401231.958404504     
 MM somehow called with small inputs:    45346296.629275404        1.5172396878284252E-003   39661237.894172229        1.5172396878284252E-003   57992061.835567310        37401231.958404504     
 MM somehow called with small inputs:    45346296.629275404        1.5172396878284252E-003   39661237.894172229        1.5172396878284252E-003   57992061.835567310        37401231.958404504     
 IIp called with small input:    1.5172396878284252E-003   39661237.894172229        57992061.835567310        37401231.958404504     
 MM somehow called with small inputs:    45346296.629275404        1.5172396878284252E-003   39661237.894172229        1.5172396878284252E-003   57992061.835567310        37401231.958404504     
 MM somehow called with small inputs:    39999486.630845807        4.2029348871942188E-006   45346296.629275404        4.2029348871942188E-006   57992061.835567310        37401231.958404504     
 IIp called with small input:    4.2029348871942188E-006   45346296.629275404        57992061.835567310        37401231.958404504     
 MM somehow called with small inputs:    39999486.630845807        4.2029348871942188E-006   39661237.894172229        4.2029348871942188E-006   57992061.835567310        37401231.958404504     
 IIp called with small input:    4.2029348871942188E-006   39661237.894172229        57992061.835567310        37401231.958404504     
 MM somehow called with small inputs:    39999486.630845807        1.5172396878284252E-003   45347276.369004712        1.5172396878284252E-003   57992061.835567310        37401231.958404504     
 IIp called with small input:    1.5172396878284252E-003   45347276.369004712        57992061.835567310        37401231.958404504     
 MM somehow called with small inputs:    39999486.630845807        1.5172396878284252E-003   45346296.629275404        1.5172396878284252E-003   57992061.835567310        37401231.958404504     
 MM somehow called with small inputs:    39999486.630845807        1.5172396878284252E-003   45346296.629275404        1.5172396878284252E-003   57992061.835567310        37401231.958404504     
 IIp called with small input:    1.5172396878284252E-003   45346296.629275404        57992061.835567310        37401231.958404504     
 MM somehow called with small inputs:    39999486.630845807        1.5172396878284252E-003   45346296.629275404        1.5172396878284252E-003   57992061.835567310        37401231.958404504     
 MM somehow called with small inputs:    39999486.630845807        1.5172396878284252E-003   40691608.860467352        1.5172396878284252E-003   57992061.835567310        37401231.958404504     
 MM somehow called with small inputs:    39999486.630845807        1.5172396878284252E-003   40691608.860467352        1.5172396878284252E-003   57992061.835567310        37401231.958404504     
 MM somehow called with small inputs:    39999486.630845807        1.5172396878284252E-003   39661237.894172229        1.5172396878284252E-003   57992061.835567310        37401231.958404504     
 MM somehow called with small inputs:    39999486.630845807        1.5172396878284252E-003   39661237.894172229        1.5172396878284252E-003   57992061.835567310        37401231.958404504     
 IIp called with small input:    1.5172396878284252E-003   39661237.894172229        57992061.835567310        37401231.958404504     
 MM somehow called with small inputs:    39999486.630845807        1.5172396878284252E-003   39661237.894172229        1.5172396878284252E-003   57992061.835567310        37401231.958404504     
 MM somehow called with small inputs:    40691966.392399512        4.2029348871942188E-006   45347276.369004712        4.2029348871942188E-006   57992061.835567310        37401231.958404504     
 MM somehow called with small inputs:    40691966.392399512        4.2029348871942188E-006   45347276.369004712        4.2029348871942188E-006   57992061.835567310        37401231.958404504     
 MM somehow called with small inputs:    40691966.392399512        4.2029348871942188E-006   45346296.629275404        4.2029348871942188E-006   57992061.835567310        37401231.958404504     
 MM somehow called with small inputs:    40691966.392399512        4.2029348871942188E-006   45346296.629275404        4.2029348871942188E-006   57992061.835567310        37401231.958404504     
 MM somehow called with small inputs:    40691608.860467352        1.5172396878284252E-003   45347276.369004712        1.5172396878284252E-003   57992061.835567310        37401231.958404504     
 MM somehow called with small inputs:    40691608.860467352        1.5172396878284252E-003   45347276.369004712        1.5172396878284252E-003   57992061.835567310        37401231.958404504     
 IIp called with small input:    1.5172396878284252E-003   45347276.369004712        57992061.835567310        37401231.958404504     
 MM somehow called with small inputs:    40691608.860467352        1.5172396878284252E-003   45347276.369004712        1.5172396878284252E-003   57992061.835567310        37401231.958404504     
 MM somehow called with small inputs:    40691608.860467352        1.5172396878284252E-003   45346296.629275404        1.5172396878284252E-003   57992061.835567310        37401231.958404504     
 MM somehow called with small inputs:    40691608.860467352        1.5172396878284252E-003   45346296.629275404        1.5172396878284252E-003   57992061.835567310        37401231.958404504     
 IIp called with small input:    1.5172396878284252E-003   45346296.629275404        57992061.835567310        37401231.958404504     
 MM somehow called with small inputs:    40691608.860467352        1.5172396878284252E-003   45346296.629275404        1.5172396878284252E-003   57992061.835567310        37401231.958404504     
 MM somehow called with small inputs:    40691608.860467352        1.5172396878284252E-003   39999486.630845807        1.5172396878284252E-003   57992061.835567310        37401231.958404504     
 MM somehow called with small inputs:    40691608.860467352        1.5172396878284252E-003   39999486.630845807        1.5172396878284252E-003   57992061.835567310        37401231.958404504     
 MM somehow called with small inputs:    40691608.860467352        1.5172396878284252E-003   39661237.894172229        1.5172396878284252E-003   57992061.835567310        37401231.958404504     
 MM somehow called with small inputs:    40691608.860467352        1.5172396878284252E-003   39661237.894172229        1.5172396878284252E-003   57992061.835567310        37401231.958404504     
 MM somehow called with small inputs:    39661237.894172229        4.2029348871942188E-006   45346296.629275404        4.2029348871942188E-006   57992061.835567310        37401231.958404504     
 IIp called with small input:    4.2029348871942188E-006   45346296.629275404        57992061.835567310        37401231.958404504     
 MM somehow called with small inputs:    39661237.894172229        4.2029348871942188E-006   39999486.630845807        4.2029348871942188E-006   57992061.835567310        37401231.958404504     
 IIp called with small input:    4.2029348871942188E-006   39999486.630845807        57992061.835567310        37401231.958404504     
 MM somehow called with small inputs:    39661237.894172229        1.5172396878284252E-003   45347276.369004712        1.5172396878284252E-003   57992061.835567310        37401231.958404504     
 IIp called with small input:    1.5172396878284252E-003   45347276.369004712        57992061.835567310        37401231.958404504     
 MM somehow called with small inputs:    39661237.894172229        1.5172396878284252E-003   45346296.629275404        1.5172396878284252E-003   57992061.835567310        37401231.958404504     
 MM somehow called with small inputs:    39661237.894172229        1.5172396878284252E-003   45346296.629275404        1.5172396878284252E-003   57992061.835567310        37401231.958404504     
 IIp called with small input:    1.5172396878284252E-003   45346296.629275404        57992061.835567310        37401231.958404504     
 MM somehow called with small inputs:    39661237.894172229        1.5172396878284252E-003   45346296.629275404        1.5172396878284252E-003   57992061.835567310        37401231.958404504     
 MM somehow called with small inputs:    39661237.894172229        1.5172396878284252E-003   39999486.630845807        1.5172396878284252E-003   57992061.835567310        37401231.958404504     
 MM somehow called with small inputs:    39661237.894172229        1.5172396878284252E-003   39999486.630845807        1.5172396878284252E-003   57992061.835567310        37401231.958404504     
 IIp called with small input:    1.5172396878284252E-003   39999486.630845807        57992061.835567310        37401231.958404504     
 MM somehow called with small inputs:    39661237.894172229        1.5172396878284252E-003   39999486.630845807        1.5172396878284252E-003   57992061.835567310        37401231.958404504     
 MM somehow called with small inputs:    39661237.894172229        1.5172396878284252E-003   40691608.860467352        1.5172396878284252E-003   57992061.835567310        37401231.958404504     
 MM somehow called with small inputs:    39661237.894172229        1.5172396878284252E-003   40691608.860467352        1.5172396878284252E-003   57992061.835567310        37401231.958404504     
 MM somehow called with small inputs:    45346292.695525147        1.5172396878284252E-003   30877033.646801308        1.5172396878284252E-003   9997299.4666149095        37401231.958404504     
 MM somehow called with small inputs:    45346292.695525147        1.5172396878284252E-003   30877033.646801308        1.5172396878284252E-003   9997299.4666149095        37401231.958404504     
 MM somehow called with small inputs:    39984708.652065739        1.5172396878284252E-003   30877033.646801308        1.5172396878284252E-003   9997299.4666149095        37401231.958404504     
 MM somehow called with small inputs:    39984708.652065739        1.5172396878284252E-003   30877033.646801308        1.5172396878284252E-003   9997299.4666149095        37401231.958404504     
 IIp called with small input:    1.5172396878284252E-003   30877033.646801308        9997299.4666149095        37401231.958404504     
 MM somehow called with small inputs:    39984708.652065739        1.5172396878284252E-003   30877033.646801308        1.5172396878284252E-003   9997299.4666149095        37401231.958404504     
 MM somehow called with small inputs:    30877033.646801308        1.5172396878284252E-003   45346292.695525147        1.5172396878284252E-003   9997299.4666149095        37401231.958404504     
 MM somehow called with small inputs:    30877033.646801308        1.5172396878284252E-003   45346292.695525147        1.5172396878284252E-003   9997299.4666149095        37401231.958404504     
 MM somehow called with small inputs:    30877033.646801308        1.5172396878284252E-003   39984708.652065739        1.5172396878284252E-003   9997299.4666149095        37401231.958404504     
 MM somehow called with small inputs:    30877033.646801308        1.5172396878284252E-003   39984708.652065739        1.5172396878284252E-003   9997299.4666149095        37401231.958404504     
 IIp called with small input:    1.5172396878284252E-003   39984708.652065739        9997299.4666149095        37401231.958404504     
 MM somehow called with small inputs:    30877033.646801308        1.5172396878284252E-003   39984708.652065739        1.5172396878284252E-003   9997299.4666149095        37401231.958404504     
 IIp called with small input:    1.5172396878284252E-003   57992061.835567310        45346296.629275404        37401231.958404504     
 IIp called with small input:    1.5172396878284252E-003   57992061.835567310        40691608.860467352        37401231.958404504     
 Higgs mass outside range of cross section fit (gluon fusion):            3
 Higgs mass outside range of cross section fit (vector boson fusion):            3
 Higgs mass outside range of cross section fit (associated W production):            3
 Higgs mass outside range of cross section fit (associated Z production):            3
 Higgs mass outside range of cross section fit (associated top production):            3
 Higgs mass outside range of cross section fit (gluon fusion):            4
 Higgs mass outside range of cross section fit (vector boson fusion):            4
 Higgs mass outside range of cross section fit (associated W production):            4
 Higgs mass outside range of cross section fit (associated Z production):            4
 Higgs mass outside range of cross section fit (associated top production):            4
 Higgs mass outside range of cross section fit (gluon fusion):            2
 Higgs mass outside range of cross section fit (vector boson fusion):            2
 Higgs mass outside range of cross section fit (associated W production):            2
 Higgs mass outside range of cross section fit (associated Z production):            2
 Higgs mass outside range of cross section fit (associated top production):            2
 Higgs mass outside range of cross section fit (gluon fusion):            3
 Higgs mass outside range of cross section fit (vector boson fusion):            3
 Higgs mass outside range of cross section fit (associated W production):            3
 Higgs mass outside range of cross section fit (associated Z production):            3
 Higgs mass outside range of cross section fit (associated top production):            3
 Higgs mass outside range of cross section fit (gluon fusion):            4
 Higgs mass outside range of cross section fit (vector boson fusion):            4
 Higgs mass outside range of cross section fit (associated W production):            4
 Higgs mass outside range of cross section fit (associated Z production):            4
 Higgs mass outside range of cross section fit (associated top production):            4
 Numerical problem in MonopoleSFF
 Involved masses:    6461.8810268758953        1.8399160885440845E-014   1.8399160885440845E-014
 Numerical problem in MonopoleSFF
 Involved masses:    6461.8810268758953        1.8399160885440845E-014   1.8399160885440845E-014
 Numerical problem in MonopoleSFF
 Involved masses:    6461.8810268758953        1.8399160885440845E-014   1.8490683657093895E-014
 Numerical problem in MonopoleSFF
 Involved masses:    6461.8810268758953        1.8399160885440845E-014   1.8490683657093895E-014
 Numerical problem in MonopoleSFF
 Involved masses:    6461.8810268758953        1.8399160885440845E-014   2.1611114815238777E-014
 Numerical problem in MonopoleSFF
 Involved masses:    6461.8810268758953        1.8399160885440845E-014   2.1611114815238777E-014
 Numerical problem in MonopoleSFF
 Involved masses:    6461.8810268758953        1.8490683657093895E-014   1.8399160885440845E-014
 Numerical problem in MonopoleSFF
 Involved masses:    6461.8810268758953        1.8490683657093895E-014   1.8399160885440845E-014
 Numerical problem in MonopoleSFF
 Involved masses:    6461.8810268758953        1.8490683657093895E-014   1.8490683657093895E-014
 Numerical problem in MonopoleSFF
 Involved masses:    6461.8810268758953        1.8490683657093895E-014   1.8490683657093895E-014
 Numerical problem in MonopoleSFF
 Involved masses:    6461.8810268758953        1.8490683657093895E-014   2.1611114815238777E-014
 Numerical problem in MonopoleSFF
 Involved masses:    6461.8810268758953        1.8490683657093895E-014   2.1611114815238777E-014
 Numerical problem in MonopoleSFF
 Involved masses:    6461.8810268758953        2.1611114815238777E-014   1.8399160885440845E-014
 Numerical problem in MonopoleSFF
 Involved masses:    6461.8810268758953        2.1611114815238777E-014   1.8399160885440845E-014
 Numerical problem in MonopoleSFF
 Involved masses:    6461.8810268758953        2.1611114815238777E-014   1.8490683657093895E-014
 Numerical problem in MonopoleSFF
 Involved masses:    6461.8810268758953        2.1611114815238777E-014   1.8490683657093895E-014
 Numerical problem in MonopoleSFF
 Involved masses:    6461.8810268758953        2.1611114815238777E-014   2.1611114815238777E-014
 Numerical problem in MonopoleSFF
 Involved masses:    6461.8810268758953        2.1611114815238777E-014   2.1611114815238777E-014
 Numerical problem in MonopoleSFF
 Involved masses:    23883725.234970983        1.8399160885440845E-014   1.8399160885440845E-014
 Numerical problem in MonopoleSFF
 Involved masses:    23883725.234970983        1.8399160885440845E-014   1.8399160885440845E-014
 Numerical problem in MonopoleSFF
 Involved masses:    23883725.234970983        1.8399160885440845E-014   1.8490683657093895E-014
 Numerical problem in MonopoleSFF
 Involved masses:    23883725.234970983        1.8399160885440845E-014   1.8490683657093895E-014
 Numerical problem in MonopoleSFF
 Involved masses:    23883725.234970983        1.8399160885440845E-014   2.1611114815238777E-014
 Numerical problem in MonopoleSFF
 Involved masses:    23883725.234970983        1.8399160885440845E-014   2.1611114815238777E-014
 Numerical problem in MonopoleSFF
 Involved masses:    23883725.234970983        1.8490683657093895E-014   1.8399160885440845E-014
 Numerical problem in MonopoleSFF
 Involved masses:    23883725.234970983        1.8490683657093895E-014   1.8399160885440845E-014
 Numerical problem in MonopoleSFF
 Involved masses:    23883725.234970983        1.8490683657093895E-014   1.8490683657093895E-014
 Numerical problem in MonopoleSFF
 Involved masses:    23883725.234970983        1.8490683657093895E-014   1.8490683657093895E-014
 Numerical problem in MonopoleSFF
 Involved masses:    23883725.234970983        1.8490683657093895E-014   2.1611114815238777E-014
 Numerical problem in MonopoleSFF
 Involved masses:    23883725.234970983        1.8490683657093895E-014   2.1611114815238777E-014
 Numerical problem in MonopoleSFF
 Involved masses:    23883725.234970983        2.1611114815238777E-014   1.8399160885440845E-014
 Numerical problem in MonopoleSFF
 Involved masses:    23883725.234970983        2.1611114815238777E-014   1.8399160885440845E-014
 Numerical problem in MonopoleSFF
 Involved masses:    23883725.234970983        2.1611114815238777E-014   1.8490683657093895E-014
 Numerical problem in MonopoleSFF
 Involved masses:    23883725.234970983        2.1611114815238777E-014   1.8490683657093895E-014
 Numerical problem in MonopoleSFF
 Involved masses:    23883725.234970983        2.1611114815238777E-014   2.1611114815238777E-014
 Numerical problem in MonopoleSFF
 Involved masses:    23883725.234970983        2.1611114815238777E-014   2.1611114815238777E-014
 Numerical problem in MonopoleVFF
 Involved masses:    6461.8810268758953        1.8399160885440845E-014   1.8399160885440845E-014
 Numerical problem in MonopoleVFF
 Involved masses:    6461.8810268758953        1.8399160885440845E-014   1.8399160885440845E-014
 Numerical problem in MonopoleVFF
 Involved masses:    6461.8810268758953        1.8399160885440845E-014   1.8490683657093895E-014
 Numerical problem in MonopoleVFF
 Involved masses:    6461.8810268758953        1.8399160885440845E-014   1.8490683657093895E-014
 Numerical problem in MonopoleVFF
 Involved masses:    6461.8810268758953        1.8399160885440845E-014   2.1611114815238777E-014
 Numerical problem in MonopoleVFF
 Involved masses:    6461.8810268758953        1.8399160885440845E-014   2.1611114815238777E-014
 Numerical problem in MonopoleVFF
 Involved masses:    6461.8810268758953        1.8490683657093895E-014   1.8399160885440845E-014
 Numerical problem in MonopoleVFF
 Involved masses:    6461.8810268758953        1.8490683657093895E-014   1.8399160885440845E-014
 Numerical problem in MonopoleVFF
 Involved masses:    6461.8810268758953        1.8490683657093895E-014   1.8490683657093895E-014
 Numerical problem in MonopoleVFF
 Involved masses:    6461.8810268758953        1.8490683657093895E-014   1.8490683657093895E-014
 Numerical problem in MonopoleVFF
 Involved masses:    6461.8810268758953        1.8490683657093895E-014   2.1611114815238777E-014
 Numerical problem in MonopoleVFF
 Involved masses:    6461.8810268758953        1.8490683657093895E-014   2.1611114815238777E-014
 Numerical problem in MonopoleVFF
 Involved masses:    6461.8810268758953        2.1611114815238777E-014   1.8399160885440845E-014
 Numerical problem in MonopoleVFF
 Involved masses:    6461.8810268758953        2.1611114815238777E-014   1.8399160885440845E-014
 Numerical problem in MonopoleVFF
 Involved masses:    6461.8810268758953        2.1611114815238777E-014   1.8490683657093895E-014
 Numerical problem in MonopoleVFF
 Involved masses:    6461.8810268758953        2.1611114815238777E-014   1.8490683657093895E-014
 Numerical problem in MonopoleVFF
 Involved masses:    6461.8810268758953        2.1611114815238777E-014   2.1611114815238777E-014
 Numerical problem in MonopoleVFF
 Involved masses:    6461.8810268758953        2.1611114815238777E-014   2.1611114815238777E-014
 Numerical problem in MonopoleSFF
 Involved masses:    6461.8810268758953        1.8399160885440845E-014   1.8399160885440845E-014
 Numerical problem in MonopoleSFF
 Involved masses:    6461.8810268758953        1.8399160885440845E-014   1.8399160885440845E-014
 Numerical problem in MonopoleSFF
 Involved masses:    6461.8810268758953        1.8399160885440845E-014   1.8490683657093895E-014
 Numerical problem in MonopoleSFF
 Involved masses:    6461.8810268758953        1.8399160885440845E-014   1.8490683657093895E-014
 Numerical problem in MonopoleSFF
 Involved masses:    6461.8810268758953        1.8399160885440845E-014   2.1611114815238777E-014
 Numerical problem in MonopoleSFF
 Involved masses:    6461.8810268758953        1.8399160885440845E-014   2.1611114815238777E-014
 Numerical problem in MonopoleSFF
 Involved masses:    6461.8810268758953        1.8490683657093895E-014   1.8399160885440845E-014
 Numerical problem in MonopoleSFF
 Involved masses:    6461.8810268758953        1.8490683657093895E-014   1.8399160885440845E-014
 Numerical problem in MonopoleSFF
 Involved masses:    6461.8810268758953        1.8490683657093895E-014   1.8490683657093895E-014
 Numerical problem in MonopoleSFF
 Involved masses:    6461.8810268758953        1.8490683657093895E-014   1.8490683657093895E-014
 Numerical problem in MonopoleSFF
 Involved masses:    6461.8810268758953        1.8490683657093895E-014   2.1611114815238777E-014
 Numerical problem in MonopoleSFF
 Involved masses:    6461.8810268758953        1.8490683657093895E-014   2.1611114815238777E-014
 Numerical problem in MonopoleSFF
 Involved masses:    6461.8810268758953        2.1611114815238777E-014   1.8399160885440845E-014
 Numerical problem in MonopoleSFF
 Involved masses:    6461.8810268758953        2.1611114815238777E-014   1.8399160885440845E-014
 Numerical problem in MonopoleSFF
 Involved masses:    6461.8810268758953        2.1611114815238777E-014   1.8490683657093895E-014
 Numerical problem in MonopoleSFF
 Involved masses:    6461.8810268758953        2.1611114815238777E-014   1.8490683657093895E-014
 Numerical problem in MonopoleSFF
 Involved masses:    6461.8810268758953        2.1611114815238777E-014   2.1611114815238777E-014
 Numerical problem in MonopoleSFF
 Involved masses:    6461.8810268758953        2.1611114815238777E-014   2.1611114815238777E-014
 Numerical problem in MonopoleSFF
 Involved masses:    23883725.234970983        1.8399160885440845E-014   1.8399160885440845E-014
 Numerical problem in MonopoleSFF
 Involved masses:    23883725.234970983        1.8399160885440845E-014   1.8399160885440845E-014
 Numerical problem in MonopoleSFF
 Involved masses:    23883725.234970983        1.8399160885440845E-014   1.8490683657093895E-014
 Numerical problem in MonopoleSFF
 Involved masses:    23883725.234970983        1.8399160885440845E-014   1.8490683657093895E-014
 Numerical problem in MonopoleSFF
 Involved masses:    23883725.234970983        1.8399160885440845E-014   2.1611114815238777E-014
 Numerical problem in MonopoleSFF
 Involved masses:    23883725.234970983        1.8399160885440845E-014   2.1611114815238777E-014
 Numerical problem in MonopoleSFF
 Involved masses:    23883725.234970983        1.8490683657093895E-014   1.8399160885440845E-014
 Numerical problem in MonopoleSFF
 Involved masses:    23883725.234970983        1.8490683657093895E-014   1.8399160885440845E-014
 Numerical problem in MonopoleSFF
 Involved masses:    23883725.234970983        1.8490683657093895E-014   1.8490683657093895E-014
 Numerical problem in MonopoleSFF
 Involved masses:    23883725.234970983        1.8490683657093895E-014   1.8490683657093895E-014
 Numerical problem in MonopoleSFF
 Involved masses:    23883725.234970983        1.8490683657093895E-014   2.1611114815238777E-014
 Numerical problem in MonopoleSFF
 Involved masses:    23883725.234970983        1.8490683657093895E-014   2.1611114815238777E-014
 Numerical problem in MonopoleSFF
 Involved masses:    23883725.234970983        2.1611114815238777E-014   1.8399160885440845E-014
 Numerical problem in MonopoleSFF
 Involved masses:    23883725.234970983        2.1611114815238777E-014   1.8399160885440845E-014
 Numerical problem in MonopoleSFF
 Involved masses:    23883725.234970983        2.1611114815238777E-014   1.8490683657093895E-014
 Numerical problem in MonopoleSFF
 Involved masses:    23883725.234970983        2.1611114815238777E-014   1.8490683657093895E-014
 Numerical problem in MonopoleSFF
 Involved masses:    23883725.234970983        2.1611114815238777E-014   2.1611114815238777E-014
 Numerical problem in MonopoleSFF
 Involved masses:    23883725.234970983        2.1611114815238777E-014   2.1611114815238777E-014
 Numerical problem in MonopoleVFF
 Involved masses:    6461.8810268758953        1.8399160885440845E-014   1.8399160885440845E-014
 Numerical problem in MonopoleVFF
 Involved masses:    6461.8810268758953        1.8399160885440845E-014   1.8399160885440845E-014
 Numerical problem in MonopoleVFF
 Involved masses:    6461.8810268758953        1.8399160885440845E-014   1.8490683657093895E-014
 Numerical problem in MonopoleVFF
 Involved masses:    6461.8810268758953        1.8399160885440845E-014   1.8490683657093895E-014
 Numerical problem in MonopoleVFF
 Involved masses:    6461.8810268758953        1.8399160885440845E-014   2.1611114815238777E-014
 Numerical problem in MonopoleVFF
 Involved masses:    6461.8810268758953        1.8399160885440845E-014   2.1611114815238777E-014
 Numerical problem in MonopoleVFF
 Involved masses:    6461.8810268758953        1.8490683657093895E-014   1.8399160885440845E-014
 Numerical problem in MonopoleVFF
 Involved masses:    6461.8810268758953        1.8490683657093895E-014   1.8399160885440845E-014
 Numerical problem in MonopoleVFF
 Involved masses:    6461.8810268758953        1.8490683657093895E-014   1.8490683657093895E-014
 Numerical problem in MonopoleVFF
 Involved masses:    6461.8810268758953        1.8490683657093895E-014   1.8490683657093895E-014
 Numerical problem in MonopoleVFF
 Involved masses:    6461.8810268758953        1.8490683657093895E-014   2.1611114815238777E-014
 Numerical problem in MonopoleVFF
 Involved masses:    6461.8810268758953        1.8490683657093895E-014   2.1611114815238777E-014
 Numerical problem in MonopoleVFF
 Involved masses:    6461.8810268758953        2.1611114815238777E-014   1.8399160885440845E-014
 Numerical problem in MonopoleVFF
 Involved masses:    6461.8810268758953        2.1611114815238777E-014   1.8399160885440845E-014
 Numerical problem in MonopoleVFF
 Involved masses:    6461.8810268758953        2.1611114815238777E-014   1.8490683657093895E-014
 Numerical problem in MonopoleVFF
 Involved masses:    6461.8810268758953        2.1611114815238777E-014   1.8490683657093895E-014
 Numerical problem in MonopoleVFF
 Involved masses:    6461.8810268758953        2.1611114815238777E-014   2.1611114815238777E-014
 Numerical problem in MonopoleVFF
 Involved masses:    6461.8810268758953        2.1611114815238777E-014   2.1611114815238777E-014
 Numerical problem in MonopoleSFF
 Involved masses:    6461.8810268758953        1.8399160885440845E-014   1.8399160885440845E-014
 Numerical problem in MonopoleSFF
 Involved masses:    6461.8810268758953        1.8399160885440845E-014   1.8399160885440845E-014
 Numerical problem in MonopoleSFF
 Involved masses:    6461.8810268758953        1.8399160885440845E-014   1.8490683657093895E-014
 Numerical problem in MonopoleSFF
 Involved masses:    6461.8810268758953        1.8399160885440845E-014   1.8490683657093895E-014
 Numerical problem in MonopoleSFF
 Involved masses:    6461.8810268758953        1.8399160885440845E-014   2.1611114815238777E-014
 Numerical problem in MonopoleSFF
 Involved masses:    6461.8810268758953        1.8399160885440845E-014   2.1611114815238777E-014
 Numerical problem in MonopoleSFF
 Involved masses:    6461.8810268758953        1.8490683657093895E-014   1.8399160885440845E-014
 Numerical problem in MonopoleSFF
 Involved masses:    6461.8810268758953        1.8490683657093895E-014   1.8399160885440845E-014
 Numerical problem in MonopoleSFF
 Involved masses:    6461.8810268758953        1.8490683657093895E-014   1.8490683657093895E-014
 Numerical problem in MonopoleSFF
 Involved masses:    6461.8810268758953        1.8490683657093895E-014   1.8490683657093895E-014
 Numerical problem in MonopoleSFF
 Involved masses:    6461.8810268758953        1.8490683657093895E-014   2.1611114815238777E-014
 Numerical problem in MonopoleSFF
 Involved masses:    6461.8810268758953        1.8490683657093895E-014   2.1611114815238777E-014
 Numerical problem in MonopoleSFF
 Involved masses:    6461.8810268758953        2.1611114815238777E-014   1.8399160885440845E-014
 Numerical problem in MonopoleSFF
 Involved masses:    6461.8810268758953        2.1611114815238777E-014   1.8399160885440845E-014
 Numerical problem in MonopoleSFF
 Involved masses:    6461.8810268758953        2.1611114815238777E-014   1.8490683657093895E-014
 Numerical problem in MonopoleSFF
 Involved masses:    6461.8810268758953        2.1611114815238777E-014   1.8490683657093895E-014
 Numerical problem in MonopoleSFF
 Involved masses:    6461.8810268758953        2.1611114815238777E-014   2.1611114815238777E-014
 Numerical problem in MonopoleSFF
 Involved masses:    6461.8810268758953        2.1611114815238777E-014   2.1611114815238777E-014
 Numerical problem in MonopoleSFF
 Involved masses:    23883725.234970983        1.8399160885440845E-014   1.8399160885440845E-014
 Numerical problem in MonopoleSFF
 Involved masses:    23883725.234970983        1.8399160885440845E-014   1.8399160885440845E-014
 Numerical problem in MonopoleSFF
 Involved masses:    23883725.234970983        1.8399160885440845E-014   1.8490683657093895E-014
 Numerical problem in MonopoleSFF
 Involved masses:    23883725.234970983        1.8399160885440845E-014   1.8490683657093895E-014
 Numerical problem in MonopoleSFF
 Involved masses:    23883725.234970983        1.8399160885440845E-014   2.1611114815238777E-014
 Numerical problem in MonopoleSFF
 Involved masses:    23883725.234970983        1.8399160885440845E-014   2.1611114815238777E-014
 Numerical problem in MonopoleSFF
 Involved masses:    23883725.234970983        1.8490683657093895E-014   1.8399160885440845E-014
 Numerical problem in MonopoleSFF
 Involved masses:    23883725.234970983        1.8490683657093895E-014   1.8399160885440845E-014
 Numerical problem in MonopoleSFF
 Involved masses:    23883725.234970983        1.8490683657093895E-014   1.8490683657093895E-014
 Numerical problem in MonopoleSFF
 Involved masses:    23883725.234970983        1.8490683657093895E-014   1.8490683657093895E-014
 Numerical problem in MonopoleSFF
 Involved masses:    23883725.234970983        1.8490683657093895E-014   2.1611114815238777E-014
 Numerical problem in MonopoleSFF
 Involved masses:    23883725.234970983        1.8490683657093895E-014   2.1611114815238777E-014
 Numerical problem in MonopoleSFF
 Involved masses:    23883725.234970983        2.1611114815238777E-014   1.8399160885440845E-014
 Numerical problem in MonopoleSFF
 Involved masses:    23883725.234970983        2.1611114815238777E-014   1.8399160885440845E-014
 Numerical problem in MonopoleSFF
 Involved masses:    23883725.234970983        2.1611114815238777E-014   1.8490683657093895E-014
 Numerical problem in MonopoleSFF
 Involved masses:    23883725.234970983        2.1611114815238777E-014   1.8490683657093895E-014
 Numerical problem in MonopoleSFF
 Involved masses:    23883725.234970983        2.1611114815238777E-014   2.1611114815238777E-014
 Numerical problem in MonopoleSFF
 Involved masses:    23883725.234970983        2.1611114815238777E-014   2.1611114815238777E-014
 Numerical problem in MonopoleVFF
 Involved masses:    6461.8810268758953        1.8399160885440845E-014   1.8399160885440845E-014
 Numerical problem in MonopoleVFF
 Involved masses:    6461.8810268758953        1.8399160885440845E-014   1.8399160885440845E-014
 Numerical problem in MonopoleVFF
 Involved masses:    6461.8810268758953        1.8399160885440845E-014   1.8490683657093895E-014
 Numerical problem in MonopoleVFF
 Involved masses:    6461.8810268758953        1.8399160885440845E-014   1.8490683657093895E-014
 Numerical problem in MonopoleVFF
 Involved masses:    6461.8810268758953        1.8399160885440845E-014   2.1611114815238777E-014
 Numerical problem in MonopoleVFF
 Involved masses:    6461.8810268758953        1.8399160885440845E-014   2.1611114815238777E-014
 Numerical problem in MonopoleVFF
 Involved masses:    6461.8810268758953        1.8490683657093895E-014   1.8399160885440845E-014
 Numerical problem in MonopoleVFF
 Involved masses:    6461.8810268758953        1.8490683657093895E-014   1.8399160885440845E-014
 Numerical problem in MonopoleVFF
 Involved masses:    6461.8810268758953        1.8490683657093895E-014   1.8490683657093895E-014
 Numerical problem in MonopoleVFF
 Involved masses:    6461.8810268758953        1.8490683657093895E-014   1.8490683657093895E-014
 Numerical problem in MonopoleVFF
 Involved masses:    6461.8810268758953        1.8490683657093895E-014   2.1611114815238777E-014
 Numerical problem in MonopoleVFF
 Involved masses:    6461.8810268758953        1.8490683657093895E-014   2.1611114815238777E-014
 Numerical problem in MonopoleVFF
 Involved masses:    6461.8810268758953        2.1611114815238777E-014   1.8399160885440845E-014
 Numerical problem in MonopoleVFF
 Involved masses:    6461.8810268758953        2.1611114815238777E-014   1.8399160885440845E-014
 Numerical problem in MonopoleVFF
 Involved masses:    6461.8810268758953        2.1611114815238777E-014   1.8490683657093895E-014
 Numerical problem in MonopoleVFF
 Involved masses:    6461.8810268758953        2.1611114815238777E-014   1.8490683657093895E-014
 Numerical problem in MonopoleVFF
 Involved masses:    6461.8810268758953        2.1611114815238777E-014   2.1611114815238777E-014
 Numerical problem in MonopoleVFF
 Involved masses:    6461.8810268758953        2.1611114815238777E-014   2.1611114815238777E-014
