Running SLURM prolog script on gold58.cluster.local
===============================================================================
Job started on Wed Sep  8 11:36:07 BST 2021
Job ID          : 460578
Job name        : Scan
WorkDir         : /mainfs/home/mjad1g20/HEP/WorkArea/BLSSM-Double-Peak/HepAid
Command         : /mainfs/home/mjad1g20/HEP/WorkArea/BLSSM-Double-Peak/HepAid/submit
Partition       : serial
Num hosts       : 1
Num cores       : 16
Num of tasks    : 16
Hosts allocated : gold58
Job Output Follows ...
===============================================================================
Python 3.9.6
/home/mjad1g20/.conda/envs/HepAid/bin/python
************************************************************
*                                                          *
*                     W E L C O M E to                     *
*              M A D G R A P H 5 _ a M C @ N L O           *
*                                                          *
*                                                          *
*                 *                       *                *
*                   *        * *        *                  *
*                     * * * * 5 * * * *                    *
*                   *        * *        *                  *
*                 *                       *                *
*                                                          *
*         VERSION 3.1.1                 2021-05-28         *
*                                                          *
*    The MadGraph5_aMC@NLO Development Team - Find us at   *
*    https://server06.fynu.ucl.ac.be/projects/madgraph     *
*                            and                           *
*            http://amcatnlo.web.cern.ch/amcatnlo/         *
*                                                          *
*               Type 'help' for in-line help.              *
*           Type 'tutorial' to learn how MG5 works         *
*    Type 'tutorial aMCatNLO' to learn how aMC@NLO works   *
*    Type 'tutorial MadLoop' to learn how MadLoop works    *
*                                                          *
************************************************************
load MG5 configuration from ../../../../../../scratch/mjad1g20/HEP/MG5_aMC_v3_1_1/input/mg5_configuration.txt 
fastjet-config does not seem to correspond to a valid fastjet-config executable (v3+). We will use fjcore instead.
 Please set the 'fastjet'variable to the full (absolute) /PATH/TO/fastjet-config (including fastjet-config).
 MG5_aMC> set fastjet /PATH/TO/fastjet-config

lhapdf-config does not seem to correspond to a valid lhapdf-config executable. 
Please set the 'lhapdf' variable to the (absolute) /PATH/TO/lhapdf-config (including lhapdf-config).
Note that you can still compile and run aMC@NLO with the built-in PDFs
 MG5_aMC> set lhapdf /PATH/TO/lhapdf-config

/mainfs/scratch/mjad1g20/HEP/MG5_aMC_v3_1_1/HEPTools/lhapdf6_py3/bin/lhapdf-config does not seem to correspond to a valid lhapdf-config executable. 
Please set the 'lhapdf' variable to the (absolute) /PATH/TO/lhapdf-config (including lhapdf-config).
Note that you can still compile and run aMC@NLO with the built-in PDFs
 MG5_aMC> set lhapdf /PATH/TO/lhapdf-config

Using default text editor "vi". Set another one in ./input/mg5_configuration.txt
No valid eps viewer found. Please set in ./input/mg5_configuration.txt
No valid web browser found. Please set in ./input/mg5_configuration.txt
import /mainfs/scratch/mjad1g20/HEP/WorkArea/BLSSM_Work/MG5Script.txt
The import format was not given, so we guess it as command
import model BLSSM-2 --modelname
[1;34mimpossible to set default multiparticles p because No particle u in model[0m
[1;34mimpossible to set default multiparticles j because No particle u in model[0m
[1;34mimpossible to set default multiparticles l+ because No particle e+ in model[0m
[1;34mimpossible to set default multiparticles l- because No particle e- in model[0m
[1;34mimpossible to set default multiparticles vl because No particle ve in model[0m
[1;34mimpossible to set default multiparticles vl~ because No particle ve~ in model[0m
Defined multiparticle all = g a go sd1 sd2 sd3 sd4 sd5 sd6 su1 su2 su3 su4 su5 su6 sd1c sd2c sd3c sd4c sd5c sd6c su1c su2c su3c su4c su5c su6c d1 d2 d3 u1 u2 u3 d1bar d2bar d3bar u1bar u2bar u3bar se1 se2 se3 se4 se5 se6 ni1 ni2 ni3 ni4 ni5 ni6 nr1 nr2 nr3 nr4 nr5 nr6 h1 h2 h3 h4 ah3 ah4 hm2c z zp wmc se1c se2c se3c se4c se5c se6c hm2 wm n1 n2 n3 n4 n5 n6 n7 c1bar c2bar nu1 nu2 nu3 nu4 nu5 nu6 e1 e2 e3 c1 c2 e1bar e2bar e3bar
define p = g d1 d2  u1 u2  d1bar d2bar u1bar u2bar
Defined multiparticle p = g d1 d2 u1 u2 d1bar d2bar u1bar u2bar
define l+ = e1bar e2bar
Defined multiparticle l+ = e1bar e2bar
define l- = e1 e2
Defined multiparticle l- = e1 e2
generate p p > h1, h1 > a a
INFO: Checking for minimal orders which gives processes. 
INFO: Please specify coupling orders to bypass this step. 
INFO: Trying process: g g > h1 BSM<=1 HIG<=1 HIW<=1 WEIGHTED<=2 @1  
INFO: Process has 1 diagrams 
INFO: Trying process: d1 d1bar > h1 BSM<=1 HIG<=1 HIW<=1 WEIGHTED<=2 @1  
INFO: Process has 1 diagrams 
INFO: Trying process: d1 d2bar > h1 BSM<=1 HIG<=1 HIW<=1 WEIGHTED<=2 @1  
INFO: Process has 1 diagrams 
INFO: Trying process: d2 d1bar > h1 BSM<=1 HIG<=1 HIW<=1 WEIGHTED<=2 @1  
INFO: Process has 1 diagrams 
INFO: Trying process: d2 d2bar > h1 BSM<=1 HIG<=1 HIW<=1 WEIGHTED<=2 @1  
INFO: Process has 1 diagrams 
INFO: Trying process: u1 u1bar > h1 BSM<=1 HIG<=1 HIW<=1 WEIGHTED<=2 @1  
INFO: Process has 1 diagrams 
INFO: Trying process: u1 u2bar > h1 BSM<=1 HIG<=1 HIW<=1 WEIGHTED<=2 @1  
INFO: Process has 1 diagrams 
INFO: Trying process: u2 u1bar > h1 BSM<=1 HIG<=1 HIW<=1 WEIGHTED<=2 @1  
INFO: Process has 1 diagrams 
INFO: Trying process: u2 u2bar > h1 BSM<=1 HIG<=1 HIW<=1 WEIGHTED<=2 @1  
INFO: Process has 1 diagrams 
INFO: Process d1bar d1 > h1 added to mirror process d1 d1bar > h1 
INFO: Process d1bar d2 > h1 added to mirror process d2 d1bar > h1 
INFO: Process d2bar d1 > h1 added to mirror process d1 d2bar > h1 
INFO: Process d2bar d2 > h1 added to mirror process d2 d2bar > h1 
INFO: Process u1bar u1 > h1 added to mirror process u1 u1bar > h1 
INFO: Process u1bar u2 > h1 added to mirror process u2 u1bar > h1 
INFO: Process u2bar u1 > h1 added to mirror process u1 u2bar > h1 
INFO: Process u2bar u2 > h1 added to mirror process u2 u2bar > h1 
INFO: Checking for minimal orders which gives processes. 
INFO: Please specify coupling orders to bypass this step. 
INFO: Trying process: h1 > a a BSM<=1 HIG<=1 HIW<=1 WEIGHTED<=2  
INFO: Process has 1 diagrams 
1 processes with 10 diagrams generated in 4.400 s
Total: 1 processes with 10 diagrams
output /scratch/mjad1g20/HEP/WorkArea/BLSSM_Work/pph1aa
INFO: initialize a new directory: pph1aa 
INFO: remove old information in pph1aa 
INFO: Organizing processes into subprocess groups 
INFO: Organizing processes into subprocess groups 
INFO: Generating Helas calls for process: g g > h1 BSM<=1 HIG<=1 HIW<=1 WEIGHTED<=2 @1 
INFO: Generating Helas calls for process: d1 d1bar > h1 BSM<=1 HIG<=1 HIW<=1 WEIGHTED<=2 @1 
INFO: Generating Helas calls for process: d1 d2bar > h1 BSM<=1 HIG<=1 HIW<=1 WEIGHTED<=2 @1 
INFO: Generating Helas calls for process: d2 d1bar > h1 BSM<=1 HIG<=1 HIW<=1 WEIGHTED<=2 @1 
INFO: Generating Helas calls for process: d2 d2bar > h1 BSM<=1 HIG<=1 HIW<=1 WEIGHTED<=2 @1 
INFO: Generating Helas calls for process: u1 u1bar > h1 BSM<=1 HIG<=1 HIW<=1 WEIGHTED<=2 @1 
INFO: Generating Helas calls for process: u1 u2bar > h1 BSM<=1 HIG<=1 HIW<=1 WEIGHTED<=2 @1 
INFO: Generating Helas calls for process: u2 u1bar > h1 BSM<=1 HIG<=1 HIW<=1 WEIGHTED<=2 @1 
INFO: Generating Helas calls for process: u2 u2bar > h1 BSM<=1 HIG<=1 HIW<=1 WEIGHTED<=2 @1 
INFO: Generating Helas calls for process: h1 > a a BSM<=1 HIG<=1 HIW<=1 WEIGHTED<=2 
INFO: Combine g g > h1 BSM<=1 HIG<=1 HIW<=1 WEIGHTED<=2 @1 with decays h1 > a a BSM<=1 HIG<=1 HIW<=1 WEIGHTED<=2 
INFO: Combine d1 d1bar > h1 BSM<=1 HIG<=1 HIW<=1 WEIGHTED<=2 @1 with decays h1 > a a BSM<=1 HIG<=1 HIW<=1 WEIGHTED<=2 
INFO: Combine d1 d2bar > h1 BSM<=1 HIG<=1 HIW<=1 WEIGHTED<=2 @1 with decays h1 > a a BSM<=1 HIG<=1 HIW<=1 WEIGHTED<=2 
INFO: Combine d2 d1bar > h1 BSM<=1 HIG<=1 HIW<=1 WEIGHTED<=2 @1 with decays h1 > a a BSM<=1 HIG<=1 HIW<=1 WEIGHTED<=2 
INFO: Combine d2 d2bar > h1 BSM<=1 HIG<=1 HIW<=1 WEIGHTED<=2 @1 with decays h1 > a a BSM<=1 HIG<=1 HIW<=1 WEIGHTED<=2 
INFO: Combine u1 u1bar > h1 BSM<=1 HIG<=1 HIW<=1 WEIGHTED<=2 @1 with decays h1 > a a BSM<=1 HIG<=1 HIW<=1 WEIGHTED<=2 
INFO: Combine u1 u2bar > h1 BSM<=1 HIG<=1 HIW<=1 WEIGHTED<=2 @1 with decays h1 > a a BSM<=1 HIG<=1 HIW<=1 WEIGHTED<=2 
INFO: Combine u2 u1bar > h1 BSM<=1 HIG<=1 HIW<=1 WEIGHTED<=2 @1 with decays h1 > a a BSM<=1 HIG<=1 HIW<=1 WEIGHTED<=2 
INFO: Combine u2 u2bar > h1 BSM<=1 HIG<=1 HIW<=1 WEIGHTED<=2 @1 with decays h1 > a a BSM<=1 HIG<=1 HIW<=1 WEIGHTED<=2 
INFO: Processing color information for process: g g > h1 BSM<=1 HIG<=1 HIW<=1 @1
  Decay: h1 > a a BSM<=1 HIG<=1 HIW<=1 WEIGHTED<=2 
INFO: Processing color information for process: d1 d1bar > h1 BSM<=1 HIG<=1 HIW<=1 @1
  Decay: h1 > a a BSM<=1 HIG<=1 HIW<=1 WEIGHTED<=2 
INFO: Reusing existing color information for process: d1 d2bar > h1 BSM<=1 HIG<=1 HIW<=1 @1
  Decay: h1 > a a BSM<=1 HIG<=1 HIW<=1 WEIGHTED<=2 
INFO: Reusing existing color information for process: d2 d1bar > h1 BSM<=1 HIG<=1 HIW<=1 @1
  Decay: h1 > a a BSM<=1 HIG<=1 HIW<=1 WEIGHTED<=2 
INFO: Reusing existing color information for process: d2 d2bar > h1 BSM<=1 HIG<=1 HIW<=1 @1
  Decay: h1 > a a BSM<=1 HIG<=1 HIW<=1 WEIGHTED<=2 
INFO: Reusing existing color information for process: u1 u1bar > h1 BSM<=1 HIG<=1 HIW<=1 @1
  Decay: h1 > a a BSM<=1 HIG<=1 HIW<=1 WEIGHTED<=2 
INFO: Reusing existing color information for process: u1 u2bar > h1 BSM<=1 HIG<=1 HIW<=1 @1
  Decay: h1 > a a BSM<=1 HIG<=1 HIW<=1 WEIGHTED<=2 
INFO: Reusing existing color information for process: u2 u1bar > h1 BSM<=1 HIG<=1 HIW<=1 @1
  Decay: h1 > a a BSM<=1 HIG<=1 HIW<=1 WEIGHTED<=2 
INFO: Reusing existing color information for process: u2 u2bar > h1 BSM<=1 HIG<=1 HIW<=1 @1
  Decay: h1 > a a BSM<=1 HIG<=1 HIW<=1 WEIGHTED<=2 
INFO: Creating files in directory P1_gg_h1_h1_aa 
INFO: Generating Feynman diagrams for Process: g g > h1 BSM<=1 HIG<=1 HIW<=1 WEIGHTED<=2 @1
  Decay: h1 > a a BSM<=1 HIG<=1 HIW<=1 WEIGHTED<=2 
INFO: Finding symmetric diagrams for subprocess group gg_h1_h1_aa 
INFO: Creating files in directory P1_d1d1bar_h1_h1_aa 
INFO: Generating Feynman diagrams for Process: d1 d1bar > h1 BSM<=1 HIG<=1 HIW<=1 WEIGHTED<=2 @1
  Decay: h1 > a a BSM<=1 HIG<=1 HIW<=1 WEIGHTED<=2 
INFO: Finding symmetric diagrams for subprocess group d1d1bar_h1_h1_aa 
INFO: Creating files in directory P1_d1d2bar_h1_h1_aa 
INFO: Generating Feynman diagrams for Process: d1 d2bar > h1 BSM<=1 HIG<=1 HIW<=1 WEIGHTED<=2 @1
  Decay: h1 > a a BSM<=1 HIG<=1 HIW<=1 WEIGHTED<=2 
INFO: Finding symmetric diagrams for subprocess group d1d2bar_h1_h1_aa 
INFO: Creating files in directory P1_d2d1bar_h1_h1_aa 
INFO: Generating Feynman diagrams for Process: d2 d1bar > h1 BSM<=1 HIG<=1 HIW<=1 WEIGHTED<=2 @1
  Decay: h1 > a a BSM<=1 HIG<=1 HIW<=1 WEIGHTED<=2 
INFO: Finding symmetric diagrams for subprocess group d2d1bar_h1_h1_aa 
INFO: Creating files in directory P1_d2d2bar_h1_h1_aa 
INFO: Generating Feynman diagrams for Process: d2 d2bar > h1 BSM<=1 HIG<=1 HIW<=1 WEIGHTED<=2 @1
  Decay: h1 > a a BSM<=1 HIG<=1 HIW<=1 WEIGHTED<=2 
INFO: Finding symmetric diagrams for subprocess group d2d2bar_h1_h1_aa 
INFO: Creating files in directory P1_u1u1bar_h1_h1_aa 
INFO: Generating Feynman diagrams for Process: u1 u1bar > h1 BSM<=1 HIG<=1 HIW<=1 WEIGHTED<=2 @1
  Decay: h1 > a a BSM<=1 HIG<=1 HIW<=1 WEIGHTED<=2 
INFO: Finding symmetric diagrams for subprocess group u1u1bar_h1_h1_aa 
INFO: Creating files in directory P1_u1u2bar_h1_h1_aa 
INFO: Generating Feynman diagrams for Process: u1 u2bar > h1 BSM<=1 HIG<=1 HIW<=1 WEIGHTED<=2 @1
  Decay: h1 > a a BSM<=1 HIG<=1 HIW<=1 WEIGHTED<=2 
INFO: Finding symmetric diagrams for subprocess group u1u2bar_h1_h1_aa 
INFO: Creating files in directory P1_u2u1bar_h1_h1_aa 
INFO: Generating Feynman diagrams for Process: u2 u1bar > h1 BSM<=1 HIG<=1 HIW<=1 WEIGHTED<=2 @1
  Decay: h1 > a a BSM<=1 HIG<=1 HIW<=1 WEIGHTED<=2 
INFO: Finding symmetric diagrams for subprocess group u2u1bar_h1_h1_aa 
INFO: Creating files in directory P1_u2u2bar_h1_h1_aa 
INFO: Generating Feynman diagrams for Process: u2 u2bar > h1 BSM<=1 HIG<=1 HIW<=1 WEIGHTED<=2 @1
  Decay: h1 > a a BSM<=1 HIG<=1 HIW<=1 WEIGHTED<=2 
INFO: Finding symmetric diagrams for subprocess group u2u2bar_h1_h1_aa 
Generated helas calls for 9 subprocesses (9 diagrams) in 0.045 s
Wrote files for 54 helas calls in 1.029 s
ALOHA: aloha starts to compute helicity amplitudes
ALOHA: aloha creates 3 routines in  1.589 s
save configuration file to /mainfs/scratch/mjad1g20/HEP/WorkArea/BLSSM_Work/pph1aa/Cards/me5_configuration.txt
INFO: Use Fortran compiler gfortran 
INFO: Use c++ compiler g++ 
INFO: Generate jpeg diagrams 
INFO: Generate web pages 
Output to directory /mainfs/scratch/mjad1g20/HEP/WorkArea/BLSSM_Work/pph1aa done.
Type "launch" to generate events from this process, or see
/mainfs/scratch/mjad1g20/HEP/WorkArea/BLSSM_Work/pph1aa/README
Run "open index.html" to see more information about this process.
launch /scratch/mjad1g20/HEP/WorkArea/BLSSM_Work/pph1aa
************************************************************
*                                                          *
*                      W E L C O M E to                    *
*             M A D G R A P H 5 _ a M C @ N L O            *
*                      M A D E V E N T                     *
*                                                          *
*                 *                       *                *
*                   *        * *        *                  *
*                     * * * * 5 * * * *                    *
*                   *        * *        *                  *
*                 *                       *                *
*                                                          *
*         VERSION 3.1.1                 2021-05-28         *
*                                                          *
*    The MadGraph5_aMC@NLO Development Team - Find us at   *
*    https://server06.fynu.ucl.ac.be/projects/madgraph     *
*                                                          *
*               Type 'help' for in-line help.              *
*                                                          *
************************************************************
INFO: load configuration from /mainfs/scratch/mjad1g20/HEP/WorkArea/BLSSM_Work/pph1aa/Cards/me5_configuration.txt  
INFO: load configuration from /mainfs/scratch/mjad1g20/HEP/MG5_aMC_v3_1_1/input/mg5_configuration.txt  
INFO: load configuration from /mainfs/scratch/mjad1g20/HEP/WorkArea/BLSSM_Work/pph1aa/Cards/me5_configuration.txt  
Using default text editor "vi". Set another one in ./input/mg5_configuration.txt
No valid eps viewer found. Please set in ./input/mg5_configuration.txt
No valid web browser found. Please set in ./input/mg5_configuration.txt
generate_events run_01
stty: standard input: Inappropriate ioctl for device
The following switches determine which programs are run:
/===========================================================================\
| 1. Choose the shower/hadronization program   [1m  shower[0m = [31mOFF[0m               |
| 2. Choose the detector simulation program    [1mdetector[0m = [31mOFF[0m               |
| 3. Choose an analysis package (plot/convert) [1manalysis[0m = [01mNot Avail.[0m        |
| 4. Decay onshell particles                   [1m madspin[0m = [31mOFF[0m               |
| 5. Add weights to events for new hypp.       [1mreweight[0m = [31mOFF[0m               |
\===========================================================================/
Either type the switch number (1 to 5) to change its setting,
Set any switch explicitly (e.g. type 'shower=Pythia8' at the prompt)
Type 'help' for the list of all valid option
Type '0', 'auto', 'done' or just press enter when you are done.
The following switches determine which programs are run:
/===========================================================================\
| 1. Choose the shower/hadronization program   [1m  shower[0m = [31mOFF[0m               |
| 2. Choose the detector simulation program    [1mdetector[0m = [31mOFF[0m               |
| 3. Choose an analysis package (plot/convert) [1manalysis[0m = [01mNot Avail.[0m        |
| 4. Decay onshell particles                   [1m madspin[0m = [31mOFF[0m               |
| 5. Add weights to events for new hypp.       [1mreweight[0m = [31mOFF[0m               |
\===========================================================================/
Either type the switch number (1 to 5) to change its setting,
Set any switch explicitly (e.g. type 'shower=Pythia8' at the prompt)
Type 'help' for the list of all valid option
Type '0', 'auto', 'done' or just press enter when you are done.
INFO: copy /scratch/mjad1g20/HEP/WorkArea/BLSSM_Work/SPhenoBLSSM_output/SPheno.spc.BLSSM_HEscan_770 as param_card.dat 
Do you want to edit a card (press enter to bypass editing)?
/------------------------------------------------------------\
|  [31m1[0m. param   : [32mparam_card.dat[0m                               |
|  [31m2[0m. run     : [32mrun_card.dat[0m                                 |
|  [31m3[0m. pythia8 : [32mpythia8_card.dat[0m                             |
|  [31m4[0m. delphes : [32mdelphes_card.dat[0m                             |
\------------------------------------------------------------/
 you can also
   - enter the path to a valid card or banner.
   - use the 'set' command to modify a parameter directly.
     The set option works only for param_card and run_card.
     Type 'help set' for more information on this command.
   - call an external program (ASperGE/MadWidth/...).
     Type 'help' for the list of available command
 [[4m0[0m, done, 1, param, 2, run, 3, pythia8, 4, enter path, ... ]
INFO: copy /mainfs/scratch/mjad1g20/HEP/MG5_aMC_v3_1_1/Delphes/cards/delphes_card_CMS.tcl as delphes_card.dat 
Do you want to edit a card (press enter to bypass editing)?
/------------------------------------------------------------\
|  [31m1[0m. param   : [32mparam_card.dat[0m                               |
|  [31m2[0m. run     : [32mrun_card.dat[0m                                 |
|  [31m3[0m. pythia8 : [32mpythia8_card.dat[0m                             |
|  [31m4[0m. delphes : [32mdelphes_card.dat[0m                             |
\------------------------------------------------------------/
 you can also
   - enter the path to a valid card or banner.
   - use the 'set' command to modify a parameter directly.
     The set option works only for param_card and run_card.
     Type 'help set' for more information on this command.
   - call an external program (ASperGE/MadWidth/...).
     Type 'help' for the list of available command
 [[4m0[0m, done, 1, param, 2, run, 3, pythia8, 4, enter path, ... ]
[1;34mWARNING: Particle 1000012 with small width detected (7.47561514e-11): See https://answers.launchpad.net/mg5amcnlo/+faq/3053 to learn the special handling of that case [0m
[1;34mWARNING: Particle 1000014 with small width detected (9.34629263e-11): See https://answers.launchpad.net/mg5amcnlo/+faq/3053 to learn the special handling of that case [0m
[1;34mWARNING: Particle 1000016 with small width detected (1.56333733e-09): See https://answers.launchpad.net/mg5amcnlo/+faq/3053 to learn the special handling of that case [0m
[1;34mWARNING: Particle 4000012 with small width detected (1.29274612e-07): See https://answers.launchpad.net/mg5amcnlo/+faq/3053 to learn the special handling of that case [0m
[1;34mWARNING: Particle 4000014 with small width detected (1.43725905e-06): See https://answers.launchpad.net/mg5amcnlo/+faq/3053 to learn the special handling of that case [0m
[1;34mWARNING: Particle 4000016 with small width detected (1.43775992e-06): See https://answers.launchpad.net/mg5amcnlo/+faq/3053 to learn the special handling of that case [0m
[1;34mWARNING: Particle 112 with small width detected (6.99007245e-07): See https://answers.launchpad.net/mg5amcnlo/+faq/3053 to learn the special handling of that case [0m
[1;34mWARNING: Particle 114 with small width detected (7.51430153e-07): See https://answers.launchpad.net/mg5amcnlo/+faq/3053 to learn the special handling of that case [0m
[1;34mWARNING: Particle 116 with small width detected (7.54056819e-07): See https://answers.launchpad.net/mg5amcnlo/+faq/3053 to learn the special handling of that case [0m
INFO: Update the dependent parameter of the param_card.dat 
[1;34mWARNING: The model takes too long to load so we bypass the updating of dependent parameter.
This might create trouble for external program (like MadSpin/shower/...)
The update can be forced without timer by typing 'update dependent' at the time of the card edition [0m
Generating 10000 events with run name run_01
survey  run_01 
INFO: compile directory 
compile Source Directory
Using random number seed offset = 21
INFO: Running Survey 
Creating Jobs
Working on SubProcesses
INFO: Compiling for process 1/9. 
INFO:     P1_gg_h1_h1_aa  
INFO: Compiling for process 2/9. 
INFO:     P1_d1d1bar_h1_h1_aa  
INFO: Compiling for process 3/9. 
INFO:     P1_d1d2bar_h1_h1_aa  
INFO: Compiling for process 4/9. 
INFO:     P1_d2d1bar_h1_h1_aa  
INFO: Compiling for process 5/9. 
INFO:     P1_d2d2bar_h1_h1_aa  
INFO: Compiling for process 6/9. 
INFO:     P1_u1u1bar_h1_h1_aa  
INFO: Compiling for process 7/9. 
INFO:     P1_u1u2bar_h1_h1_aa  
INFO: Compiling for process 8/9. 
INFO:     P1_u2u1bar_h1_h1_aa  
INFO: Compiling for process 9/9. 
INFO:     P1_u2u2bar_h1_h1_aa  
INFO:     P1_gg_h1_h1_aa  
INFO:     P1_d1d1bar_h1_h1_aa  
INFO:     P1_d1d2bar_h1_h1_aa  
INFO:     P1_d2d1bar_h1_h1_aa  
INFO:     P1_d2d2bar_h1_h1_aa  
INFO:     P1_u1u1bar_h1_h1_aa  
INFO:     P1_u1u2bar_h1_h1_aa  
INFO:     P1_u2u1bar_h1_h1_aa  
INFO:     P1_u2u2bar_h1_h1_aa  
INFO:  Idle: 1,  Running: 1,  Completed: 7 [ current time: 11h38 ] 
INFO:  Idle: 0,  Running: 2,  Completed: 7 [ current time: 11h38 ] 
INFO:  Idle: 0,  Running: 0,  Completed: 9 [  0.8s  ] 
INFO: End survey 
refine 10000
Creating Jobs
INFO: Refine results to 10000 
INFO: Generating 10000.0 unweighted events. 
sum of cpu time of last step: 9 seconds
INFO: Effective Luminosity 1030190.6252325145 pb^-1 
INFO: need to improve 1 channels 
- Current estimate of cross-section: 0.011648329645099998 +- 5.5120298933677454e-05
    P1_gg_h1_h1_aa 
    P1_d1d1bar_h1_h1_aa 
    P1_d1d2bar_h1_h1_aa 
    P1_d2d1bar_h1_h1_aa 
    P1_d2d2bar_h1_h1_aa 
    P1_u1u1bar_h1_h1_aa 
    P1_u1u2bar_h1_h1_aa 
    P1_u2u1bar_h1_h1_aa 
    P1_u2u2bar_h1_h1_aa 
INFO:  Idle: 0,  Running: 12,  Completed: 0 [ current time: 11h38 ] 
INFO:  Idle: 0,  Running: 11,  Completed: 1 [  1.7s  ] 
INFO:  Idle: 0,  Running: 0,  Completed: 12 [  2.7s  ] 
INFO: Combining runs 
sum of cpu time of last step: 34 seconds
INFO: finish refine 
refine 10000 --treshold=0.9
No need for second refine due to stability of cross-section
INFO: Combining Events 
  === Results Summary for run: run_01 tag: tag_1 ===

     Cross-section :   0.01168 +- 1.038e-05 pb
     Nb of events :  10000
 
INFO: No version of lhapdf. Can not run systematics computation 
store_events
INFO: Storing parton level results 
INFO: End Parton 
reweight -from_cards
decay_events -from_cards
INFO: [92mRunning Pythia8 [arXiv:1410.3012][0m 
Splitting .lhe event file for PY8 parallelization...
Submitting Pythia8 jobs...
Pythia8 shower jobs: 1 Idle, 15 Running, 0 Done [4 seconds]
Pythia8 shower jobs: 0 Idle, 15 Running, 1 Done [1m12s]
Pythia8 shower jobs: 0 Idle, 14 Running, 2 Done [1m13s]
Pythia8 shower jobs: 0 Idle, 13 Running, 3 Done [1m14s]
Pythia8 shower jobs: 0 Idle, 12 Running, 4 Done [1m14s]
Pythia8 shower jobs: 0 Idle, 11 Running, 5 Done [1m15s]
Pythia8 shower jobs: 0 Idle, 10 Running, 6 Done [1m15s]
Pythia8 shower jobs: 0 Idle, 9 Running, 7 Done [1m17s]
Pythia8 shower jobs: 0 Idle, 8 Running, 8 Done [1m17s]
Pythia8 shower jobs: 0 Idle, 7 Running, 9 Done [1m18s]
Pythia8 shower jobs: 0 Idle, 6 Running, 10 Done [1m20s]
Pythia8 shower jobs: 0 Idle, 5 Running, 11 Done [1m20s]
Pythia8 shower jobs: 0 Idle, 4 Running, 12 Done [1m21s]
Pythia8 shower jobs: 0 Idle, 3 Running, 13 Done [1m26s]
Pythia8 shower jobs: 0 Idle, 2 Running, 14 Done [1m27s]
Pythia8 shower jobs: 0 Idle, 1 Running, 15 Done [1m27s]
Pythia8 shower jobs: 0 Idle, 0 Running, 16 Done [1m28s]
Merging results from the split PY8 runs...
[1;34mWARNING: Install gnuplot to be able to view the plots generated at :
    [0m
INFO: Pythia8 shower finished after 1m48s. 
INFO: prepare delphes run 
INFO: Running Delphes 
INFO: If you are interested in lhco output. please run root2lhco converter. 
INFO:  or edit bin/internal/run_delphes3 to run the converter automatically. 
INFO: delphes done 
  === Results Summary for run: run_01 tag: tag_1 ===

     Cross-section :   0.01168 +- 1.038e-05 pb
     Nb of events :  10000
 
INFO: storing files of previous run 
INFO: Storing Pythia8 files of previous run 
INFO: Done 
quit
INFO:  
more information in /mainfs/scratch/mjad1g20/HEP/WorkArea/BLSSM_Work/pph1aa/index.html
quit
************************************************************
*                                                          *
*                     W E L C O M E to                     *
*              M A D G R A P H 5 _ a M C @ N L O           *
*                                                          *
*                                                          *
*                 *                       *                *
*                   *        * *        *                  *
*                     * * * * 5 * * * *                    *
*                   *        * *        *                  *
*                 *                       *                *
*                                                          *
*         VERSION 3.1.1                 2021-05-28         *
*                                                          *
*    The MadGraph5_aMC@NLO Development Team - Find us at   *
*    https://server06.fynu.ucl.ac.be/projects/madgraph     *
*                            and                           *
*            http://amcatnlo.web.cern.ch/amcatnlo/         *
*                                                          *
*               Type 'help' for in-line help.              *
*           Type 'tutorial' to learn how MG5 works         *
*    Type 'tutorial aMCatNLO' to learn how aMC@NLO works   *
*    Type 'tutorial MadLoop' to learn how MadLoop works    *
*                                                          *
************************************************************
load MG5 configuration from ../../../../../../scratch/mjad1g20/HEP/MG5_aMC_v3_1_1/input/mg5_configuration.txt 
fastjet-config does not seem to correspond to a valid fastjet-config executable (v3+). We will use fjcore instead.
 Please set the 'fastjet'variable to the full (absolute) /PATH/TO/fastjet-config (including fastjet-config).
 MG5_aMC> set fastjet /PATH/TO/fastjet-config

lhapdf-config does not seem to correspond to a valid lhapdf-config executable. 
Please set the 'lhapdf' variable to the (absolute) /PATH/TO/lhapdf-config (including lhapdf-config).
Note that you can still compile and run aMC@NLO with the built-in PDFs
 MG5_aMC> set lhapdf /PATH/TO/lhapdf-config

/mainfs/scratch/mjad1g20/HEP/MG5_aMC_v3_1_1/HEPTools/lhapdf6_py3/bin/lhapdf-config does not seem to correspond to a valid lhapdf-config executable. 
Please set the 'lhapdf' variable to the (absolute) /PATH/TO/lhapdf-config (including lhapdf-config).
Note that you can still compile and run aMC@NLO with the built-in PDFs
 MG5_aMC> set lhapdf /PATH/TO/lhapdf-config

Using default text editor "vi". Set another one in ./input/mg5_configuration.txt
No valid eps viewer found. Please set in ./input/mg5_configuration.txt
No valid web browser found. Please set in ./input/mg5_configuration.txt
import /mainfs/scratch/mjad1g20/HEP/WorkArea/BLSSM_Work/MG5Script.txt
The import format was not given, so we guess it as command
import model BLSSM-2 --modelname
[1;34mimpossible to set default multiparticles p because No particle u in model[0m
[1;34mimpossible to set default multiparticles j because No particle u in model[0m
[1;34mimpossible to set default multiparticles l+ because No particle e+ in model[0m
[1;34mimpossible to set default multiparticles l- because No particle e- in model[0m
[1;34mimpossible to set default multiparticles vl because No particle ve in model[0m
[1;34mimpossible to set default multiparticles vl~ because No particle ve~ in model[0m
Defined multiparticle all = g a go sd1 sd2 sd3 sd4 sd5 sd6 su1 su2 su3 su4 su5 su6 sd1c sd2c sd3c sd4c sd5c sd6c su1c su2c su3c su4c su5c su6c d1 d2 d3 u1 u2 u3 d1bar d2bar d3bar u1bar u2bar u3bar se1 se2 se3 se4 se5 se6 ni1 ni2 ni3 ni4 ni5 ni6 nr1 nr2 nr3 nr4 nr5 nr6 h1 h2 h3 h4 ah3 ah4 hm2c z zp wmc se1c se2c se3c se4c se5c se6c hm2 wm n1 n2 n3 n4 n5 n6 n7 c1bar c2bar nu1 nu2 nu3 nu4 nu5 nu6 e1 e2 e3 c1 c2 e1bar e2bar e3bar
define p = g d1 d2  u1 u2  d1bar d2bar u1bar u2bar
Defined multiparticle p = g d1 d2 u1 u2 d1bar d2bar u1bar u2bar
define l+ = e1bar e2bar
Defined multiparticle l+ = e1bar e2bar
define l- = e1 e2
Defined multiparticle l- = e1 e2
generate p p > h2, h2 > a a
INFO: Checking for minimal orders which gives processes. 
INFO: Please specify coupling orders to bypass this step. 
INFO: Trying process: g g > h2 BSM<=1 HIG<=1 HIW<=1 WEIGHTED<=2 @1  
INFO: Process has 1 diagrams 
INFO: Trying process: d1 d1bar > h2 BSM<=1 HIG<=1 HIW<=1 WEIGHTED<=2 @1  
INFO: Process has 1 diagrams 
INFO: Trying process: d1 d2bar > h2 BSM<=1 HIG<=1 HIW<=1 WEIGHTED<=2 @1  
INFO: Process has 1 diagrams 
INFO: Trying process: d2 d1bar > h2 BSM<=1 HIG<=1 HIW<=1 WEIGHTED<=2 @1  
INFO: Process has 1 diagrams 
INFO: Trying process: d2 d2bar > h2 BSM<=1 HIG<=1 HIW<=1 WEIGHTED<=2 @1  
INFO: Process has 1 diagrams 
INFO: Trying process: u1 u1bar > h2 BSM<=1 HIG<=1 HIW<=1 WEIGHTED<=2 @1  
INFO: Process has 1 diagrams 
INFO: Trying process: u1 u2bar > h2 BSM<=1 HIG<=1 HIW<=1 WEIGHTED<=2 @1  
INFO: Process has 1 diagrams 
INFO: Trying process: u2 u1bar > h2 BSM<=1 HIG<=1 HIW<=1 WEIGHTED<=2 @1  
INFO: Process has 1 diagrams 
INFO: Trying process: u2 u2bar > h2 BSM<=1 HIG<=1 HIW<=1 WEIGHTED<=2 @1  
INFO: Process has 1 diagrams 
INFO: Process d1bar d1 > h2 added to mirror process d1 d1bar > h2 
INFO: Process d1bar d2 > h2 added to mirror process d2 d1bar > h2 
INFO: Process d2bar d1 > h2 added to mirror process d1 d2bar > h2 
INFO: Process d2bar d2 > h2 added to mirror process d2 d2bar > h2 
INFO: Process u1bar u1 > h2 added to mirror process u1 u1bar > h2 
INFO: Process u1bar u2 > h2 added to mirror process u2 u1bar > h2 
INFO: Process u2bar u1 > h2 added to mirror process u1 u2bar > h2 
INFO: Process u2bar u2 > h2 added to mirror process u2 u2bar > h2 
INFO: Checking for minimal orders which gives processes. 
INFO: Please specify coupling orders to bypass this step. 
INFO: Trying process: h2 > a a BSM<=1 HIG<=1 HIW<=1 WEIGHTED<=2  
INFO: Process has 1 diagrams 
1 processes with 10 diagrams generated in 4.414 s
Total: 1 processes with 10 diagrams
output /scratch/mjad1g20/HEP/WorkArea/BLSSM_Work/pph2aa
INFO: initialize a new directory: pph2aa 
INFO: remove old information in pph2aa 
INFO: Organizing processes into subprocess groups 
INFO: Organizing processes into subprocess groups 
INFO: Generating Helas calls for process: g g > h2 BSM<=1 HIG<=1 HIW<=1 WEIGHTED<=2 @1 
INFO: Generating Helas calls for process: d1 d1bar > h2 BSM<=1 HIG<=1 HIW<=1 WEIGHTED<=2 @1 
INFO: Generating Helas calls for process: d1 d2bar > h2 BSM<=1 HIG<=1 HIW<=1 WEIGHTED<=2 @1 
INFO: Generating Helas calls for process: d2 d1bar > h2 BSM<=1 HIG<=1 HIW<=1 WEIGHTED<=2 @1 
INFO: Generating Helas calls for process: d2 d2bar > h2 BSM<=1 HIG<=1 HIW<=1 WEIGHTED<=2 @1 
INFO: Generating Helas calls for process: u1 u1bar > h2 BSM<=1 HIG<=1 HIW<=1 WEIGHTED<=2 @1 
INFO: Generating Helas calls for process: u1 u2bar > h2 BSM<=1 HIG<=1 HIW<=1 WEIGHTED<=2 @1 
INFO: Generating Helas calls for process: u2 u1bar > h2 BSM<=1 HIG<=1 HIW<=1 WEIGHTED<=2 @1 
INFO: Generating Helas calls for process: u2 u2bar > h2 BSM<=1 HIG<=1 HIW<=1 WEIGHTED<=2 @1 
INFO: Generating Helas calls for process: h2 > a a BSM<=1 HIG<=1 HIW<=1 WEIGHTED<=2 
INFO: Combine g g > h2 BSM<=1 HIG<=1 HIW<=1 WEIGHTED<=2 @1 with decays h2 > a a BSM<=1 HIG<=1 HIW<=1 WEIGHTED<=2 
INFO: Combine d1 d1bar > h2 BSM<=1 HIG<=1 HIW<=1 WEIGHTED<=2 @1 with decays h2 > a a BSM<=1 HIG<=1 HIW<=1 WEIGHTED<=2 
INFO: Combine d1 d2bar > h2 BSM<=1 HIG<=1 HIW<=1 WEIGHTED<=2 @1 with decays h2 > a a BSM<=1 HIG<=1 HIW<=1 WEIGHTED<=2 
INFO: Combine d2 d1bar > h2 BSM<=1 HIG<=1 HIW<=1 WEIGHTED<=2 @1 with decays h2 > a a BSM<=1 HIG<=1 HIW<=1 WEIGHTED<=2 
INFO: Combine d2 d2bar > h2 BSM<=1 HIG<=1 HIW<=1 WEIGHTED<=2 @1 with decays h2 > a a BSM<=1 HIG<=1 HIW<=1 WEIGHTED<=2 
INFO: Combine u1 u1bar > h2 BSM<=1 HIG<=1 HIW<=1 WEIGHTED<=2 @1 with decays h2 > a a BSM<=1 HIG<=1 HIW<=1 WEIGHTED<=2 
INFO: Combine u1 u2bar > h2 BSM<=1 HIG<=1 HIW<=1 WEIGHTED<=2 @1 with decays h2 > a a BSM<=1 HIG<=1 HIW<=1 WEIGHTED<=2 
INFO: Combine u2 u1bar > h2 BSM<=1 HIG<=1 HIW<=1 WEIGHTED<=2 @1 with decays h2 > a a BSM<=1 HIG<=1 HIW<=1 WEIGHTED<=2 
INFO: Combine u2 u2bar > h2 BSM<=1 HIG<=1 HIW<=1 WEIGHTED<=2 @1 with decays h2 > a a BSM<=1 HIG<=1 HIW<=1 WEIGHTED<=2 
INFO: Processing color information for process: g g > h2 BSM<=1 HIG<=1 HIW<=1 @1
  Decay: h2 > a a BSM<=1 HIG<=1 HIW<=1 WEIGHTED<=2 
INFO: Processing color information for process: d1 d1bar > h2 BSM<=1 HIG<=1 HIW<=1 @1
  Decay: h2 > a a BSM<=1 HIG<=1 HIW<=1 WEIGHTED<=2 
INFO: Reusing existing color information for process: d1 d2bar > h2 BSM<=1 HIG<=1 HIW<=1 @1
  Decay: h2 > a a BSM<=1 HIG<=1 HIW<=1 WEIGHTED<=2 
INFO: Reusing existing color information for process: d2 d1bar > h2 BSM<=1 HIG<=1 HIW<=1 @1
  Decay: h2 > a a BSM<=1 HIG<=1 HIW<=1 WEIGHTED<=2 
INFO: Reusing existing color information for process: d2 d2bar > h2 BSM<=1 HIG<=1 HIW<=1 @1
  Decay: h2 > a a BSM<=1 HIG<=1 HIW<=1 WEIGHTED<=2 
INFO: Reusing existing color information for process: u1 u1bar > h2 BSM<=1 HIG<=1 HIW<=1 @1
  Decay: h2 > a a BSM<=1 HIG<=1 HIW<=1 WEIGHTED<=2 
INFO: Reusing existing color information for process: u1 u2bar > h2 BSM<=1 HIG<=1 HIW<=1 @1
  Decay: h2 > a a BSM<=1 HIG<=1 HIW<=1 WEIGHTED<=2 
INFO: Reusing existing color information for process: u2 u1bar > h2 BSM<=1 HIG<=1 HIW<=1 @1
  Decay: h2 > a a BSM<=1 HIG<=1 HIW<=1 WEIGHTED<=2 
INFO: Reusing existing color information for process: u2 u2bar > h2 BSM<=1 HIG<=1 HIW<=1 @1
  Decay: h2 > a a BSM<=1 HIG<=1 HIW<=1 WEIGHTED<=2 
INFO: Creating files in directory P1_gg_h2_h2_aa 
INFO: Generating Feynman diagrams for Process: g g > h2 BSM<=1 HIG<=1 HIW<=1 WEIGHTED<=2 @1
  Decay: h2 > a a BSM<=1 HIG<=1 HIW<=1 WEIGHTED<=2 
INFO: Finding symmetric diagrams for subprocess group gg_h2_h2_aa 
INFO: Creating files in directory P1_d1d1bar_h2_h2_aa 
INFO: Generating Feynman diagrams for Process: d1 d1bar > h2 BSM<=1 HIG<=1 HIW<=1 WEIGHTED<=2 @1
  Decay: h2 > a a BSM<=1 HIG<=1 HIW<=1 WEIGHTED<=2 
INFO: Finding symmetric diagrams for subprocess group d1d1bar_h2_h2_aa 
INFO: Creating files in directory P1_d1d2bar_h2_h2_aa 
INFO: Generating Feynman diagrams for Process: d1 d2bar > h2 BSM<=1 HIG<=1 HIW<=1 WEIGHTED<=2 @1
  Decay: h2 > a a BSM<=1 HIG<=1 HIW<=1 WEIGHTED<=2 
INFO: Finding symmetric diagrams for subprocess group d1d2bar_h2_h2_aa 
INFO: Creating files in directory P1_d2d1bar_h2_h2_aa 
INFO: Generating Feynman diagrams for Process: d2 d1bar > h2 BSM<=1 HIG<=1 HIW<=1 WEIGHTED<=2 @1
  Decay: h2 > a a BSM<=1 HIG<=1 HIW<=1 WEIGHTED<=2 
INFO: Finding symmetric diagrams for subprocess group d2d1bar_h2_h2_aa 
INFO: Creating files in directory P1_d2d2bar_h2_h2_aa 
INFO: Generating Feynman diagrams for Process: d2 d2bar > h2 BSM<=1 HIG<=1 HIW<=1 WEIGHTED<=2 @1
  Decay: h2 > a a BSM<=1 HIG<=1 HIW<=1 WEIGHTED<=2 
INFO: Finding symmetric diagrams for subprocess group d2d2bar_h2_h2_aa 
INFO: Creating files in directory P1_u1u1bar_h2_h2_aa 
INFO: Generating Feynman diagrams for Process: u1 u1bar > h2 BSM<=1 HIG<=1 HIW<=1 WEIGHTED<=2 @1
  Decay: h2 > a a BSM<=1 HIG<=1 HIW<=1 WEIGHTED<=2 
INFO: Finding symmetric diagrams for subprocess group u1u1bar_h2_h2_aa 
INFO: Creating files in directory P1_u1u2bar_h2_h2_aa 
INFO: Generating Feynman diagrams for Process: u1 u2bar > h2 BSM<=1 HIG<=1 HIW<=1 WEIGHTED<=2 @1
  Decay: h2 > a a BSM<=1 HIG<=1 HIW<=1 WEIGHTED<=2 
INFO: Finding symmetric diagrams for subprocess group u1u2bar_h2_h2_aa 
INFO: Creating files in directory P1_u2u1bar_h2_h2_aa 
INFO: Generating Feynman diagrams for Process: u2 u1bar > h2 BSM<=1 HIG<=1 HIW<=1 WEIGHTED<=2 @1
  Decay: h2 > a a BSM<=1 HIG<=1 HIW<=1 WEIGHTED<=2 
INFO: Finding symmetric diagrams for subprocess group u2u1bar_h2_h2_aa 
INFO: Creating files in directory P1_u2u2bar_h2_h2_aa 
INFO: Generating Feynman diagrams for Process: u2 u2bar > h2 BSM<=1 HIG<=1 HIW<=1 WEIGHTED<=2 @1
  Decay: h2 > a a BSM<=1 HIG<=1 HIW<=1 WEIGHTED<=2 
INFO: Finding symmetric diagrams for subprocess group u2u2bar_h2_h2_aa 
Generated helas calls for 9 subprocesses (9 diagrams) in 0.044 s
Wrote files for 54 helas calls in 1.430 s
ALOHA: aloha starts to compute helicity amplitudes
ALOHA: aloha creates 3 routines in  1.556 s
save configuration file to /mainfs/scratch/mjad1g20/HEP/WorkArea/BLSSM_Work/pph2aa/Cards/me5_configuration.txt
INFO: Use Fortran compiler gfortran 
INFO: Use c++ compiler g++ 
INFO: Generate jpeg diagrams 
INFO: Generate web pages 
Output to directory /mainfs/scratch/mjad1g20/HEP/WorkArea/BLSSM_Work/pph2aa done.
Type "launch" to generate events from this process, or see
/mainfs/scratch/mjad1g20/HEP/WorkArea/BLSSM_Work/pph2aa/README
Run "open index.html" to see more information about this process.
launch /scratch/mjad1g20/HEP/WorkArea/BLSSM_Work/pph2aa
************************************************************
*                                                          *
*                      W E L C O M E to                    *
*             M A D G R A P H 5 _ a M C @ N L O            *
*                      M A D E V E N T                     *
*                                                          *
*                 *                       *                *
*                   *        * *        *                  *
*                     * * * * 5 * * * *                    *
*                   *        * *        *                  *
*                 *                       *                *
*                                                          *
*         VERSION 3.1.1                 2021-05-28         *
*                                                          *
*    The MadGraph5_aMC@NLO Development Team - Find us at   *
*    https://server06.fynu.ucl.ac.be/projects/madgraph     *
*                                                          *
*               Type 'help' for in-line help.              *
*                                                          *
************************************************************
INFO: load configuration from /mainfs/scratch/mjad1g20/HEP/WorkArea/BLSSM_Work/pph2aa/Cards/me5_configuration.txt  
INFO: load configuration from /mainfs/scratch/mjad1g20/HEP/MG5_aMC_v3_1_1/input/mg5_configuration.txt  
INFO: load configuration from /mainfs/scratch/mjad1g20/HEP/WorkArea/BLSSM_Work/pph2aa/Cards/me5_configuration.txt  
Using default text editor "vi". Set another one in ./input/mg5_configuration.txt
No valid eps viewer found. Please set in ./input/mg5_configuration.txt
No valid web browser found. Please set in ./input/mg5_configuration.txt
generate_events run_01
stty: standard input: Inappropriate ioctl for device
The following switches determine which programs are run:
/===========================================================================\
| 1. Choose the shower/hadronization program   [1m  shower[0m = [31mOFF[0m               |
| 2. Choose the detector simulation program    [1mdetector[0m = [31mOFF[0m               |
| 3. Choose an analysis package (plot/convert) [1manalysis[0m = [01mNot Avail.[0m        |
| 4. Decay onshell particles                   [1m madspin[0m = [31mOFF[0m               |
| 5. Add weights to events for new hypp.       [1mreweight[0m = [31mOFF[0m               |
\===========================================================================/
Either type the switch number (1 to 5) to change its setting,
Set any switch explicitly (e.g. type 'shower=Pythia8' at the prompt)
Type 'help' for the list of all valid option
Type '0', 'auto', 'done' or just press enter when you are done.
The following switches determine which programs are run:
/===========================================================================\
| 1. Choose the shower/hadronization program   [1m  shower[0m = [31mOFF[0m               |
| 2. Choose the detector simulation program    [1mdetector[0m = [31mOFF[0m               |
| 3. Choose an analysis package (plot/convert) [1manalysis[0m = [01mNot Avail.[0m        |
| 4. Decay onshell particles                   [1m madspin[0m = [31mOFF[0m               |
| 5. Add weights to events for new hypp.       [1mreweight[0m = [31mOFF[0m               |
\===========================================================================/
Either type the switch number (1 to 5) to change its setting,
Set any switch explicitly (e.g. type 'shower=Pythia8' at the prompt)
Type 'help' for the list of all valid option
Type '0', 'auto', 'done' or just press enter when you are done.
INFO: copy /scratch/mjad1g20/HEP/WorkArea/BLSSM_Work/SPhenoBLSSM_output/SPheno.spc.BLSSM_HEscan_770 as param_card.dat 
Do you want to edit a card (press enter to bypass editing)?
/------------------------------------------------------------\
|  [31m1[0m. param   : [32mparam_card.dat[0m                               |
|  [31m2[0m. run     : [32mrun_card.dat[0m                                 |
|  [31m3[0m. pythia8 : [32mpythia8_card.dat[0m                             |
|  [31m4[0m. delphes : [32mdelphes_card.dat[0m                             |
\------------------------------------------------------------/
 you can also
   - enter the path to a valid card or banner.
   - use the 'set' command to modify a parameter directly.
     The set option works only for param_card and run_card.
     Type 'help set' for more information on this command.
   - call an external program (ASperGE/MadWidth/...).
     Type 'help' for the list of available command
 [[4m0[0m, done, 1, param, 2, run, 3, pythia8, 4, enter path, ... ]
INFO: copy /mainfs/scratch/mjad1g20/HEP/MG5_aMC_v3_1_1/Delphes/cards/delphes_card_CMS.tcl as delphes_card.dat 
Do you want to edit a card (press enter to bypass editing)?
/------------------------------------------------------------\
|  [31m1[0m. param   : [32mparam_card.dat[0m                               |
|  [31m2[0m. run     : [32mrun_card.dat[0m                                 |
|  [31m3[0m. pythia8 : [32mpythia8_card.dat[0m                             |
|  [31m4[0m. delphes : [32mdelphes_card.dat[0m                             |
\------------------------------------------------------------/
 you can also
   - enter the path to a valid card or banner.
   - use the 'set' command to modify a parameter directly.
     The set option works only for param_card and run_card.
     Type 'help set' for more information on this command.
   - call an external program (ASperGE/MadWidth/...).
     Type 'help' for the list of available command
 [[4m0[0m, done, 1, param, 2, run, 3, pythia8, 4, enter path, ... ]
[1;34mWARNING: Particle 1000012 with small width detected (7.47561514e-11): See https://answers.launchpad.net/mg5amcnlo/+faq/3053 to learn the special handling of that case [0m
[1;34mWARNING: Particle 1000014 with small width detected (9.34629263e-11): See https://answers.launchpad.net/mg5amcnlo/+faq/3053 to learn the special handling of that case [0m
[1;34mWARNING: Particle 1000016 with small width detected (1.56333733e-09): See https://answers.launchpad.net/mg5amcnlo/+faq/3053 to learn the special handling of that case [0m
[1;34mWARNING: Particle 4000012 with small width detected (1.29274612e-07): See https://answers.launchpad.net/mg5amcnlo/+faq/3053 to learn the special handling of that case [0m
[1;34mWARNING: Particle 4000014 with small width detected (1.43725905e-06): See https://answers.launchpad.net/mg5amcnlo/+faq/3053 to learn the special handling of that case [0m
[1;34mWARNING: Particle 4000016 with small width detected (1.43775992e-06): See https://answers.launchpad.net/mg5amcnlo/+faq/3053 to learn the special handling of that case [0m
[1;34mWARNING: Particle 112 with small width detected (6.99007245e-07): See https://answers.launchpad.net/mg5amcnlo/+faq/3053 to learn the special handling of that case [0m
[1;34mWARNING: Particle 114 with small width detected (7.51430153e-07): See https://answers.launchpad.net/mg5amcnlo/+faq/3053 to learn the special handling of that case [0m
[1;34mWARNING: Particle 116 with small width detected (7.54056819e-07): See https://answers.launchpad.net/mg5amcnlo/+faq/3053 to learn the special handling of that case [0m
INFO: Update the dependent parameter of the param_card.dat 
[1;34mWARNING: The model takes too long to load so we bypass the updating of dependent parameter.
This might create trouble for external program (like MadSpin/shower/...)
The update can be forced without timer by typing 'update dependent' at the time of the card edition [0m
Generating 10000 events with run name run_01
survey  run_01 
INFO: compile directory 
compile Source Directory
Using random number seed offset = 21
INFO: Running Survey 
Creating Jobs
Working on SubProcesses
INFO: Compiling for process 1/9. 
INFO:     P1_gg_h2_h2_aa  
INFO: Compiling for process 2/9. 
INFO:     P1_d1d1bar_h2_h2_aa  
INFO: Compiling for process 3/9. 
INFO:     P1_d1d2bar_h2_h2_aa  
INFO: Compiling for process 4/9. 
INFO:     P1_d2d1bar_h2_h2_aa  
INFO: Compiling for process 5/9. 
INFO:     P1_d2d2bar_h2_h2_aa  
INFO: Compiling for process 6/9. 
INFO:     P1_u1u1bar_h2_h2_aa  
INFO: Compiling for process 7/9. 
INFO:     P1_u1u2bar_h2_h2_aa  
INFO: Compiling for process 8/9. 
INFO:     P1_u2u1bar_h2_h2_aa  
INFO: Compiling for process 9/9. 
INFO:     P1_u2u2bar_h2_h2_aa  
INFO:     P1_gg_h2_h2_aa  
INFO:     P1_d1d1bar_h2_h2_aa  
INFO:     P1_d1d2bar_h2_h2_aa  
INFO:     P1_d2d1bar_h2_h2_aa  
INFO:     P1_d2d2bar_h2_h2_aa  
INFO:     P1_u1u1bar_h2_h2_aa  
INFO:     P1_u1u2bar_h2_h2_aa  
INFO:     P1_u2u1bar_h2_h2_aa  
INFO:     P1_u2u2bar_h2_h2_aa  
INFO:  Idle: 1,  Running: 1,  Completed: 7 [ current time: 11h46 ] 
INFO:  Idle: 0,  Running: 2,  Completed: 7 [ current time: 11h46 ] 
INFO:  Idle: 0,  Running: 0,  Completed: 9 [  0.81s  ] 
INFO: End survey 
refine 10000
Creating Jobs
INFO: Refine results to 10000 
INFO: Generating 10000.0 unweighted events. 
sum of cpu time of last step: 9 seconds
INFO: Effective Luminosity 171353.24142648006 pb^-1 
INFO: need to improve 1 channels 
- Current estimate of cross-section: 0.07003077327340002 +- 0.00033365080212951955
    P1_gg_h2_h2_aa 
    P1_d1d1bar_h2_h2_aa 
    P1_d1d2bar_h2_h2_aa 
    P1_d2d1bar_h2_h2_aa 
    P1_d2d2bar_h2_h2_aa 
    P1_u1u1bar_h2_h2_aa 
    P1_u1u2bar_h2_h2_aa 
    P1_u2u1bar_h2_h2_aa 
    P1_u2u2bar_h2_h2_aa 
INFO:  Idle: 0,  Running: 12,  Completed: 0 [ current time: 11h46 ] 
INFO:  Idle: 0,  Running: 6,  Completed: 6 [  1.7s  ] 
INFO:  Idle: 0,  Running: 0,  Completed: 12 [  2.4s  ] 
INFO: Combining runs 
sum of cpu time of last step: 34 seconds
INFO: finish refine 
refine 10000 --treshold=0.9
No need for second refine due to stability of cross-section
INFO: Combining Events 
  === Results Summary for run: run_01 tag: tag_1 ===

     Cross-section :   0.07026 +- 6.177e-05 pb
     Nb of events :  10000
 
INFO: No version of lhapdf. Can not run systematics computation 
store_events
INFO: Storing parton level results 
INFO: End Parton 
reweight -from_cards
decay_events -from_cards
INFO: [92mRunning Pythia8 [arXiv:1410.3012][0m 
Splitting .lhe event file for PY8 parallelization...
Submitting Pythia8 jobs...
Pythia8 shower jobs: 1 Idle, 15 Running, 0 Done [4 seconds]
Pythia8 shower jobs: 0 Idle, 15 Running, 1 Done [1m12s]
Pythia8 shower jobs: 0 Idle, 14 Running, 2 Done [1m13s]
Pythia8 shower jobs: 0 Idle, 13 Running, 3 Done [1m15s]
Pythia8 shower jobs: 0 Idle, 12 Running, 4 Done [1m15s]
Pythia8 shower jobs: 0 Idle, 11 Running, 5 Done [1m16s]
Pythia8 shower jobs: 0 Idle, 10 Running, 6 Done [1m16s]
Pythia8 shower jobs: 0 Idle, 9 Running, 7 Done [1m16s]
Pythia8 shower jobs: 0 Idle, 8 Running, 8 Done [1m16s]
Pythia8 shower jobs: 0 Idle, 7 Running, 9 Done [1m16s]
Pythia8 shower jobs: 0 Idle, 6 Running, 10 Done [1m17s]
Pythia8 shower jobs: 0 Idle, 5 Running, 11 Done [1m17s]
Pythia8 shower jobs: 0 Idle, 4 Running, 12 Done [1m18s]
Pythia8 shower jobs: 0 Idle, 3 Running, 13 Done [1m18s]
Pythia8 shower jobs: 0 Idle, 2 Running, 14 Done [1m18s]
Pythia8 shower jobs: 0 Idle, 1 Running, 15 Done [1m19s]
Pythia8 shower jobs: 0 Idle, 0 Running, 16 Done [1m22s]
Merging results from the split PY8 runs...
[1;34mWARNING: Install gnuplot to be able to view the plots generated at :
    [0m
INFO: Pythia8 shower finished after 1m41s. 
INFO: prepare delphes run 
INFO: Running Delphes 
INFO: If you are interested in lhco output. please run root2lhco converter. 
INFO:  or edit bin/internal/run_delphes3 to run the converter automatically. 
INFO: delphes done 
  === Results Summary for run: run_01 tag: tag_1 ===

     Cross-section :   0.07026 +- 6.177e-05 pb
     Nb of events :  10000
 
INFO: storing files of previous run 
INFO: Storing Pythia8 files of previous run 
INFO: Done 
quit
INFO:  
more information in /mainfs/scratch/mjad1g20/HEP/WorkArea/BLSSM_Work/pph2aa/index.html
quit
************************************************************
*                                                          *
*                     W E L C O M E to                     *
*              M A D G R A P H 5 _ a M C @ N L O           *
*                                                          *
*                                                          *
*                 *                       *                *
*                   *        * *        *                  *
*                     * * * * 5 * * * *                    *
*                   *        * *        *                  *
*                 *                       *                *
*                                                          *
*         VERSION 3.1.1                 2021-05-28         *
*                                                          *
*    The MadGraph5_aMC@NLO Development Team - Find us at   *
*    https://server06.fynu.ucl.ac.be/projects/madgraph     *
*                            and                           *
*            http://amcatnlo.web.cern.ch/amcatnlo/         *
*                                                          *
*               Type 'help' for in-line help.              *
*           Type 'tutorial' to learn how MG5 works         *
*    Type 'tutorial aMCatNLO' to learn how aMC@NLO works   *
*    Type 'tutorial MadLoop' to learn how MadLoop works    *
*                                                          *
************************************************************
load MG5 configuration from ../../../../../../scratch/mjad1g20/HEP/MG5_aMC_v3_1_1/input/mg5_configuration.txt 
fastjet-config does not seem to correspond to a valid fastjet-config executable (v3+). We will use fjcore instead.
 Please set the 'fastjet'variable to the full (absolute) /PATH/TO/fastjet-config (including fastjet-config).
 MG5_aMC> set fastjet /PATH/TO/fastjet-config

lhapdf-config does not seem to correspond to a valid lhapdf-config executable. 
Please set the 'lhapdf' variable to the (absolute) /PATH/TO/lhapdf-config (including lhapdf-config).
Note that you can still compile and run aMC@NLO with the built-in PDFs
 MG5_aMC> set lhapdf /PATH/TO/lhapdf-config

/mainfs/scratch/mjad1g20/HEP/MG5_aMC_v3_1_1/HEPTools/lhapdf6_py3/bin/lhapdf-config does not seem to correspond to a valid lhapdf-config executable. 
Please set the 'lhapdf' variable to the (absolute) /PATH/TO/lhapdf-config (including lhapdf-config).
Note that you can still compile and run aMC@NLO with the built-in PDFs
 MG5_aMC> set lhapdf /PATH/TO/lhapdf-config

Using default text editor "vi". Set another one in ./input/mg5_configuration.txt
No valid eps viewer found. Please set in ./input/mg5_configuration.txt
No valid web browser found. Please set in ./input/mg5_configuration.txt
import /mainfs/scratch/mjad1g20/HEP/WorkArea/BLSSM_Work/MG5Script.txt
The import format was not given, so we guess it as command
import model BLSSM-2 --modelname
[1;34mimpossible to set default multiparticles p because No particle u in model[0m
[1;34mimpossible to set default multiparticles j because No particle u in model[0m
[1;34mimpossible to set default multiparticles l+ because No particle e+ in model[0m
[1;34mimpossible to set default multiparticles l- because No particle e- in model[0m
[1;34mimpossible to set default multiparticles vl because No particle ve in model[0m
[1;34mimpossible to set default multiparticles vl~ because No particle ve~ in model[0m
Defined multiparticle all = g a go sd1 sd2 sd3 sd4 sd5 sd6 su1 su2 su3 su4 su5 su6 sd1c sd2c sd3c sd4c sd5c sd6c su1c su2c su3c su4c su5c su6c d1 d2 d3 u1 u2 u3 d1bar d2bar d3bar u1bar u2bar u3bar se1 se2 se3 se4 se5 se6 ni1 ni2 ni3 ni4 ni5 ni6 nr1 nr2 nr3 nr4 nr5 nr6 h1 h2 h3 h4 ah3 ah4 hm2c z zp wmc se1c se2c se3c se4c se5c se6c hm2 wm n1 n2 n3 n4 n5 n6 n7 c1bar c2bar nu1 nu2 nu3 nu4 nu5 nu6 e1 e2 e3 c1 c2 e1bar e2bar e3bar
define p = g d1 d2  u1 u2  d1bar d2bar u1bar u2bar
Defined multiparticle p = g d1 d2 u1 u2 d1bar d2bar u1bar u2bar
define l+ = e1bar e2bar
Defined multiparticle l+ = e1bar e2bar
define l- = e1 e2
Defined multiparticle l- = e1 e2
generate p p > a a / h1 h2
INFO: Checking for minimal orders which gives processes. 
INFO: Please specify coupling orders to bypass this step. 
INFO: Trying process: g g > a a BSM<=1 HIG<=1 HIW<=1 WEIGHTED<=4 / h1 h2 @1  
INFO: Process has 4 diagrams 
INFO: Trying process: d1 d1bar > a a BSM<=1 HIG<=1 HIW<=1 WEIGHTED<=4 / h1 h2 @1  
INFO: Process has 6 diagrams 
INFO: Trying process: d1 d2bar > a a BSM<=1 HIG<=1 HIW<=1 WEIGHTED<=4 / h1 h2 @1  
INFO: Process has 4 diagrams 
INFO: Trying process: d2 d1bar > a a BSM<=1 HIG<=1 HIW<=1 WEIGHTED<=4 / h1 h2 @1  
INFO: Process has 4 diagrams 
INFO: Trying process: d2 d2bar > a a BSM<=1 HIG<=1 HIW<=1 WEIGHTED<=4 / h1 h2 @1  
INFO: Process has 6 diagrams 
INFO: Trying process: u1 u1bar > a a BSM<=1 HIG<=1 HIW<=1 WEIGHTED<=4 / h1 h2 @1  
INFO: Process has 6 diagrams 
INFO: Trying process: u1 u2bar > a a BSM<=1 HIG<=1 HIW<=1 WEIGHTED<=4 / h1 h2 @1  
INFO: Process has 4 diagrams 
INFO: Trying process: u2 u1bar > a a BSM<=1 HIG<=1 HIW<=1 WEIGHTED<=4 / h1 h2 @1  
INFO: Process has 4 diagrams 
INFO: Trying process: u2 u2bar > a a BSM<=1 HIG<=1 HIW<=1 WEIGHTED<=4 / h1 h2 @1  
INFO: Process has 6 diagrams 
INFO: Process d1bar d1 > a a added to mirror process d1 d1bar > a a 
INFO: Process d1bar d2 > a a added to mirror process d2 d1bar > a a 
INFO: Process d2bar d1 > a a added to mirror process d1 d2bar > a a 
INFO: Process d2bar d2 > a a added to mirror process d2 d2bar > a a 
INFO: Process u1bar u1 > a a added to mirror process u1 u1bar > a a 
INFO: Process u1bar u2 > a a added to mirror process u2 u1bar > a a 
INFO: Process u2bar u1 > a a added to mirror process u1 u2bar > a a 
INFO: Process u2bar u2 > a a added to mirror process u2 u2bar > a a 
9 processes with 44 diagrams generated in 4.193 s
Total: 9 processes with 44 diagrams
output /scratch/mjad1g20/HEP/WorkArea/BLSSM_Work/ppaa_bg
INFO: initialize a new directory: ppaa_bg 
INFO: remove old information in ppaa_bg 
INFO: Organizing processes into subprocess groups 
INFO: Generating Helas calls for process: d1 d1bar > a a BSM<=1 HIG<=1 HIW<=1 WEIGHTED<=4 / h1 h2 @1 
INFO: Processing color information for process: d1 d1bar > a a BSM<=1 HIG<=1 HIW<=1 / h1 h2 @1 
INFO: Generating Helas calls for process: d2 d2bar > a a BSM<=1 HIG<=1 HIW<=1 WEIGHTED<=4 / h1 h2 @1 
INFO: Processing color information for process: d2 d2bar > a a BSM<=1 HIG<=1 HIW<=1 / h1 h2 @1 
INFO: Generating Helas calls for process: u1 u1bar > a a BSM<=1 HIG<=1 HIW<=1 WEIGHTED<=4 / h1 h2 @1 
INFO: Processing color information for process: u1 u1bar > a a BSM<=1 HIG<=1 HIW<=1 / h1 h2 @1 
INFO: Generating Helas calls for process: u2 u2bar > a a BSM<=1 HIG<=1 HIW<=1 WEIGHTED<=4 / h1 h2 @1 
INFO: Processing color information for process: u2 u2bar > a a BSM<=1 HIG<=1 HIW<=1 / h1 h2 @1 
INFO: Generating Helas calls for process: g g > a a BSM<=1 HIG<=1 HIW<=1 WEIGHTED<=4 / h1 h2 @1 
INFO: Processing color information for process: g g > a a BSM<=1 HIG<=1 HIW<=1 / h1 h2 @1 
INFO: Generating Helas calls for process: d1 d2bar > a a BSM<=1 HIG<=1 HIW<=1 WEIGHTED<=4 / h1 h2 @1 
INFO: Processing color information for process: d1 d2bar > a a BSM<=1 HIG<=1 HIW<=1 / h1 h2 @1 
INFO: Generating Helas calls for process: d2 d1bar > a a BSM<=1 HIG<=1 HIW<=1 WEIGHTED<=4 / h1 h2 @1 
INFO: Processing color information for process: d2 d1bar > a a BSM<=1 HIG<=1 HIW<=1 / h1 h2 @1 
INFO: Generating Helas calls for process: u1 u2bar > a a BSM<=1 HIG<=1 HIW<=1 WEIGHTED<=4 / h1 h2 @1 
INFO: Processing color information for process: u1 u2bar > a a BSM<=1 HIG<=1 HIW<=1 / h1 h2 @1 
INFO: Generating Helas calls for process: u2 u1bar > a a BSM<=1 HIG<=1 HIW<=1 WEIGHTED<=4 / h1 h2 @1 
INFO: Processing color information for process: u2 u1bar > a a BSM<=1 HIG<=1 HIW<=1 / h1 h2 @1 
INFO: Creating files in directory P1_d1d1bar_aa 
INFO: Generating Feynman diagrams for Process: d1 d1bar > a a BSM<=1 HIG<=1 HIW<=1 WEIGHTED<=4 / h1 h2 @1 
INFO: Finding symmetric diagrams for subprocess group d1d1bar_aa 
INFO: Creating files in directory P1_d2d2bar_aa 
INFO: Generating Feynman diagrams for Process: d2 d2bar > a a BSM<=1 HIG<=1 HIW<=1 WEIGHTED<=4 / h1 h2 @1 
INFO: Finding symmetric diagrams for subprocess group d2d2bar_aa 
INFO: Creating files in directory P1_u1u1bar_aa 
INFO: Generating Feynman diagrams for Process: u1 u1bar > a a BSM<=1 HIG<=1 HIW<=1 WEIGHTED<=4 / h1 h2 @1 
INFO: Finding symmetric diagrams for subprocess group u1u1bar_aa 
INFO: Creating files in directory P1_u2u2bar_aa 
INFO: Generating Feynman diagrams for Process: u2 u2bar > a a BSM<=1 HIG<=1 HIW<=1 WEIGHTED<=4 / h1 h2 @1 
INFO: Finding symmetric diagrams for subprocess group u2u2bar_aa 
INFO: Creating files in directory P1_gg_aa 
INFO: Generating Feynman diagrams for Process: g g > a a BSM<=1 HIG<=1 HIW<=1 WEIGHTED<=4 / h1 h2 @1 
INFO: Finding symmetric diagrams for subprocess group gg_aa 
INFO: Creating files in directory P1_d1d2bar_aa 
INFO: Generating Feynman diagrams for Process: d1 d2bar > a a BSM<=1 HIG<=1 HIW<=1 WEIGHTED<=4 / h1 h2 @1 
INFO: Finding symmetric diagrams for subprocess group d1d2bar_aa 
INFO: Creating files in directory P1_d2d1bar_aa 
INFO: Generating Feynman diagrams for Process: d2 d1bar > a a BSM<=1 HIG<=1 HIW<=1 WEIGHTED<=4 / h1 h2 @1 
INFO: Finding symmetric diagrams for subprocess group d2d1bar_aa 
INFO: Creating files in directory P1_u1u2bar_aa 
INFO: Generating Feynman diagrams for Process: u1 u2bar > a a BSM<=1 HIG<=1 HIW<=1 WEIGHTED<=4 / h1 h2 @1 
INFO: Finding symmetric diagrams for subprocess group u1u2bar_aa 
INFO: Creating files in directory P1_u2u1bar_aa 
INFO: Generating Feynman diagrams for Process: u2 u1bar > a a BSM<=1 HIG<=1 HIW<=1 WEIGHTED<=4 / h1 h2 @1 
INFO: Finding symmetric diagrams for subprocess group u2u1bar_aa 
Generated helas calls for 9 subprocesses (44 diagrams) in 0.066 s
Wrote files for 124 helas calls in 1.018 s
ALOHA: aloha starts to compute helicity amplitudes
ALOHA: aloha creates 5 routines in  1.708 s
save configuration file to /mainfs/scratch/mjad1g20/HEP/WorkArea/BLSSM_Work/ppaa_bg/Cards/me5_configuration.txt
INFO: Use Fortran compiler gfortran 
INFO: Use c++ compiler g++ 
INFO: Generate jpeg diagrams 
INFO: Generate web pages 
Output to directory /mainfs/scratch/mjad1g20/HEP/WorkArea/BLSSM_Work/ppaa_bg done.
Type "launch" to generate events from this process, or see
/mainfs/scratch/mjad1g20/HEP/WorkArea/BLSSM_Work/ppaa_bg/README
Run "open index.html" to see more information about this process.
launch /scratch/mjad1g20/HEP/WorkArea/BLSSM_Work/ppaa_bg
************************************************************
*                                                          *
*                      W E L C O M E to                    *
*             M A D G R A P H 5 _ a M C @ N L O            *
*                      M A D E V E N T                     *
*                                                          *
*                 *                       *                *
*                   *        * *        *                  *
*                     * * * * 5 * * * *                    *
*                   *        * *        *                  *
*                 *                       *                *
*                                                          *
*         VERSION 3.1.1                 2021-05-28         *
*                                                          *
*    The MadGraph5_aMC@NLO Development Team - Find us at   *
*    https://server06.fynu.ucl.ac.be/projects/madgraph     *
*                                                          *
*               Type 'help' for in-line help.              *
*                                                          *
************************************************************
INFO: load configuration from /mainfs/scratch/mjad1g20/HEP/WorkArea/BLSSM_Work/ppaa_bg/Cards/me5_configuration.txt  
INFO: load configuration from /mainfs/scratch/mjad1g20/HEP/MG5_aMC_v3_1_1/input/mg5_configuration.txt  
INFO: load configuration from /mainfs/scratch/mjad1g20/HEP/WorkArea/BLSSM_Work/ppaa_bg/Cards/me5_configuration.txt  
Using default text editor "vi". Set another one in ./input/mg5_configuration.txt
No valid eps viewer found. Please set in ./input/mg5_configuration.txt
No valid web browser found. Please set in ./input/mg5_configuration.txt
generate_events run_01
stty: standard input: Inappropriate ioctl for device
The following switches determine which programs are run:
/===========================================================================\
| 1. Choose the shower/hadronization program   [1m  shower[0m = [31mOFF[0m               |
| 2. Choose the detector simulation program    [1mdetector[0m = [31mOFF[0m               |
| 3. Choose an analysis package (plot/convert) [1manalysis[0m = [01mNot Avail.[0m        |
| 4. Decay onshell particles                   [1m madspin[0m = [31mOFF[0m               |
| 5. Add weights to events for new hypp.       [1mreweight[0m = [31mOFF[0m               |
\===========================================================================/
Either type the switch number (1 to 5) to change its setting,
Set any switch explicitly (e.g. type 'shower=Pythia8' at the prompt)
Type 'help' for the list of all valid option
Type '0', 'auto', 'done' or just press enter when you are done.
The following switches determine which programs are run:
/===========================================================================\
| 1. Choose the shower/hadronization program   [1m  shower[0m = [31mOFF[0m               |
| 2. Choose the detector simulation program    [1mdetector[0m = [31mOFF[0m               |
| 3. Choose an analysis package (plot/convert) [1manalysis[0m = [01mNot Avail.[0m        |
| 4. Decay onshell particles                   [1m madspin[0m = [31mOFF[0m               |
| 5. Add weights to events for new hypp.       [1mreweight[0m = [31mOFF[0m               |
\===========================================================================/
Either type the switch number (1 to 5) to change its setting,
Set any switch explicitly (e.g. type 'shower=Pythia8' at the prompt)
Type 'help' for the list of all valid option
Type '0', 'auto', 'done' or just press enter when you are done.
INFO: copy /scratch/mjad1g20/HEP/WorkArea/BLSSM_Work/SPhenoBLSSM_output/SPheno.spc.BLSSM_HEscan_770 as param_card.dat 
Do you want to edit a card (press enter to bypass editing)?
/------------------------------------------------------------\
|  [31m1[0m. param   : [32mparam_card.dat[0m                               |
|  [31m2[0m. run     : [32mrun_card.dat[0m                                 |
|  [31m3[0m. pythia8 : [32mpythia8_card.dat[0m                             |
|  [31m4[0m. delphes : [32mdelphes_card.dat[0m                             |
\------------------------------------------------------------/
 you can also
   - enter the path to a valid card or banner.
   - use the 'set' command to modify a parameter directly.
     The set option works only for param_card and run_card.
     Type 'help set' for more information on this command.
   - call an external program (ASperGE/MadWidth/...).
     Type 'help' for the list of available command
 [[4m0[0m, done, 1, param, 2, run, 3, pythia8, 4, enter path, ... ]
INFO: copy /mainfs/scratch/mjad1g20/HEP/MG5_aMC_v3_1_1/Delphes/cards/delphes_card_CMS.tcl as delphes_card.dat 
Do you want to edit a card (press enter to bypass editing)?
/------------------------------------------------------------\
|  [31m1[0m. param   : [32mparam_card.dat[0m                               |
|  [31m2[0m. run     : [32mrun_card.dat[0m                                 |
|  [31m3[0m. pythia8 : [32mpythia8_card.dat[0m                             |
|  [31m4[0m. delphes : [32mdelphes_card.dat[0m                             |
\------------------------------------------------------------/
 you can also
   - enter the path to a valid card or banner.
   - use the 'set' command to modify a parameter directly.
     The set option works only for param_card and run_card.
     Type 'help set' for more information on this command.
   - call an external program (ASperGE/MadWidth/...).
     Type 'help' for the list of available command
 [[4m0[0m, done, 1, param, 2, run, 3, pythia8, 4, enter path, ... ]
[1;34mWARNING: Particle 1000012 with small width detected (7.47561514e-11): See https://answers.launchpad.net/mg5amcnlo/+faq/3053 to learn the special handling of that case [0m
[1;34mWARNING: Particle 1000014 with small width detected (9.34629263e-11): See https://answers.launchpad.net/mg5amcnlo/+faq/3053 to learn the special handling of that case [0m
[1;34mWARNING: Particle 1000016 with small width detected (1.56333733e-09): See https://answers.launchpad.net/mg5amcnlo/+faq/3053 to learn the special handling of that case [0m
[1;34mWARNING: Particle 4000012 with small width detected (1.29274612e-07): See https://answers.launchpad.net/mg5amcnlo/+faq/3053 to learn the special handling of that case [0m
[1;34mWARNING: Particle 4000014 with small width detected (1.43725905e-06): See https://answers.launchpad.net/mg5amcnlo/+faq/3053 to learn the special handling of that case [0m
[1;34mWARNING: Particle 4000016 with small width detected (1.43775992e-06): See https://answers.launchpad.net/mg5amcnlo/+faq/3053 to learn the special handling of that case [0m
[1;34mWARNING: Particle 112 with small width detected (6.99007245e-07): See https://answers.launchpad.net/mg5amcnlo/+faq/3053 to learn the special handling of that case [0m
[1;34mWARNING: Particle 114 with small width detected (7.51430153e-07): See https://answers.launchpad.net/mg5amcnlo/+faq/3053 to learn the special handling of that case [0m
[1;34mWARNING: Particle 116 with small width detected (7.54056819e-07): See https://answers.launchpad.net/mg5amcnlo/+faq/3053 to learn the special handling of that case [0m
INFO: Update the dependent parameter of the param_card.dat 
[1;34mWARNING: The model takes too long to load so we bypass the updating of dependent parameter.
This might create trouble for external program (like MadSpin/shower/...)
The update can be forced without timer by typing 'update dependent' at the time of the card edition [0m
Generating 10000 events with run name run_01
survey  run_01 
INFO: compile directory 
compile Source Directory
Using random number seed offset = 21
INFO: Running Survey 
Creating Jobs
Working on SubProcesses
INFO: Compiling for process 1/9. 
INFO:     P1_d1d1bar_aa  
INFO: Compiling for process 2/9. 
INFO:     P1_d2d2bar_aa  
INFO: Compiling for process 3/9. 
INFO:     P1_u1u1bar_aa  
INFO: Compiling for process 4/9. 
INFO:     P1_u2u2bar_aa  
INFO: Compiling for process 5/9. 
INFO:     P1_gg_aa  
INFO: Compiling for process 6/9. 
INFO:     P1_d1d2bar_aa  
INFO: Compiling for process 7/9. 
INFO:     P1_d2d1bar_aa  
INFO: Compiling for process 8/9. 
INFO:     P1_u1u2bar_aa  
INFO: Compiling for process 9/9. 
INFO:     P1_u2u1bar_aa  
INFO:     P1_d1d1bar_aa  
INFO:     P1_d2d2bar_aa  
INFO:     P1_u1u1bar_aa  
INFO:     P1_u2u2bar_aa  
INFO:     P1_gg_aa  
INFO:     P1_d1d2bar_aa  
INFO:     P1_d2d1bar_aa  
INFO:     P1_u1u2bar_aa  
INFO:     P1_u2u1bar_aa  
INFO:  Idle: 1,  Running: 3,  Completed: 18 [ current time: 11h55 ] 
INFO:  Idle: 0,  Running: 4,  Completed: 18 [  0.021s  ] 
INFO:  Idle: 0,  Running: 0,  Completed: 22 [  0.93s  ] 
INFO: End survey 
refine 10000
Creating Jobs
INFO: Refine results to 10000 
INFO: Generating 10000.0 unweighted events. 
sum of cpu time of last step: 35 seconds
INFO: Effective Luminosity 75.49174093302986 pb^-1 
INFO: need to improve 16 channels 
- Current estimate of cross-section: 157.244823 +- 801.9400879023477
    P1_d1d1bar_aa 
    P1_d2d2bar_aa 
    P1_u1u1bar_aa 
    P1_u2u2bar_aa 
    P1_gg_aa 
    P1_d1d2bar_aa 
    P1_d2d1bar_aa 
    P1_u1u2bar_aa 
    P1_u2u1bar_aa 
INFO:  Idle: 6,  Running: 16,  Completed: 3 [ current time: 11h55 ] 
INFO:  Idle: 0,  Running: 12,  Completed: 13 [  0.81s  ] 
INFO:  Idle: 0,  Running: 2,  Completed: 23 [  10.3s  ] 
INFO:  Idle: 0,  Running: 1,  Completed: 24 [  33.6s  ] 
INFO:  Idle: 0,  Running: 0,  Completed: 25 [  34.5s  ] 
INFO: Combining runs 
sum of cpu time of last step: 2m02s
INFO: finish refine 
refine 10000 --treshold=0.9
No need for second refine due to stability of cross-section
INFO: Combining Events 
  === Results Summary for run: run_01 tag: tag_1 ===

     Cross-section :   159.7 +- 0.4693 pb
     Nb of events :  10000
 
INFO: No version of lhapdf. Can not run systematics computation 
store_events
INFO: Storing parton level results 
INFO: End Parton 
reweight -from_cards
decay_events -from_cards
INFO: [92mRunning Pythia8 [arXiv:1410.3012][0m 
Splitting .lhe event file for PY8 parallelization...
Submitting Pythia8 jobs...
Pythia8 shower jobs: 1 Idle, 15 Running, 0 Done [4 seconds]
Pythia8 shower jobs: 0 Idle, 15 Running, 1 Done [1m03s]
Pythia8 shower jobs: 0 Idle, 14 Running, 2 Done [1m04s]
Pythia8 shower jobs: 0 Idle, 13 Running, 3 Done [1m04s]
Pythia8 shower jobs: 0 Idle, 12 Running, 4 Done [1m04s]
Pythia8 shower jobs: 0 Idle, 11 Running, 5 Done [1m04s]
Pythia8 shower jobs: 0 Idle, 10 Running, 6 Done [1m05s]
Pythia8 shower jobs: 0 Idle, 9 Running, 7 Done [1m07s]
Pythia8 shower jobs: 0 Idle, 8 Running, 8 Done [1m07s]
Pythia8 shower jobs: 0 Idle, 7 Running, 9 Done [1m07s]
Pythia8 shower jobs: 0 Idle, 6 Running, 10 Done [1m07s]
Pythia8 shower jobs: 0 Idle, 5 Running, 11 Done [1m08s]
Pythia8 shower jobs: 0 Idle, 4 Running, 12 Done [1m09s]
Pythia8 shower jobs: 0 Idle, 3 Running, 13 Done [1m10s]
Pythia8 shower jobs: 0 Idle, 2 Running, 14 Done [1m14s]
Pythia8 shower jobs: 0 Idle, 1 Running, 15 Done [1m14s]
Pythia8 shower jobs: 0 Idle, 0 Running, 16 Done [1m14s]
Merging results from the split PY8 runs...
[1;34mWARNING: Install gnuplot to be able to view the plots generated at :
    [0m
INFO: Pythia8 shower finished after 1m44s. 
INFO: prepare delphes run 
INFO: Running Delphes 
INFO: If you are interested in lhco output. please run root2lhco converter. 
INFO:  or edit bin/internal/run_delphes3 to run the converter automatically. 
INFO: delphes done 
  === Results Summary for run: run_01 tag: tag_1 ===

     Cross-section :   159.7 +- 0.4693 pb
     Nb of events :  10000
 
INFO: storing files of previous run 
INFO: Storing Pythia8 files of previous run 
INFO: Done 
quit
INFO:  
more information in /mainfs/scratch/mjad1g20/HEP/WorkArea/BLSSM_Work/ppaa_bg/index.html
quit
==============================================================================
Running epilogue script on gold58.

Submit time  : 2021-09-08T11:36:06
Start time   : 2021-09-08T11:36:06
End time     : 2021-09-08T12:03:17
Elapsed time : 00:27:11 (Timelimit=04:00:00)

Job ID: 460578
Cluster: i5
User/Group: mjad1g20/wf
State: COMPLETED (exit code 0)
Nodes: 1
Cores per node: 16
CPU Utilized: 01:15:56
CPU Efficiency: 17.46% of 07:14:56 core-walltime
Job Wall-clock time: 00:27:11
Memory Utilized: 818.16 MB
Memory Efficiency: 0.43% of 184.69 GB

